2024-10-26 03:20:56,806 [INFO] Using device: cuda
2024-10-26 03:20:56,807 [INFO] Number of symbols: 43
2024-10-26 03:20:56,963 [INFO] Training samples: 1681
2024-10-26 03:20:56,984 [INFO] Validation samples: 1574
2024-10-26 03:20:57,165 [INFO] Model Architecture:
2024-10-26 03:20:57,165 [INFO] CaptchaModel(
  (backbone): Sequential(
    (0): Conv2d(3, 64, kernel_size=(7, 7), stride=(2, 2), padding=(3, 3), bias=False)
    (1): BatchNorm2d(64, eps=1e-05, momentum=0.1, affine=True, track_running_stats=True)
    (2): ReLU(inplace=True)
    (3): MaxPool2d(kernel_size=3, stride=2, padding=1, dilation=1, ceil_mode=False)
    (4): Sequential(
      (0): BasicBlock(
        (conv1): Conv2d(64, 64, kernel_size=(3, 3), stride=(1, 1), padding=(1, 1), bias=False)
        (bn1): BatchNorm2d(64, eps=1e-05, momentum=0.1, affine=True, track_running_stats=True)
        (relu): ReLU(inplace=True)
        (conv2): Conv2d(64, 64, kernel_size=(3, 3), stride=(1, 1), padding=(1, 1), bias=False)
        (bn2): BatchNorm2d(64, eps=1e-05, momentum=0.1, affine=True, track_running_stats=True)
      )
      (1): BasicBlock(
        (conv1): Conv2d(64, 64, kernel_size=(3, 3), stride=(1, 1), padding=(1, 1), bias=False)
        (bn1): BatchNorm2d(64, eps=1e-05, momentum=0.1, affine=True, track_running_stats=True)
        (relu): ReLU(inplace=True)
        (conv2): Conv2d(64, 64, kernel_size=(3, 3), stride=(1, 1), padding=(1, 1), bias=False)
        (bn2): BatchNorm2d(64, eps=1e-05, momentum=0.1, affine=True, track_running_stats=True)
      )
    )
    (5): Sequential(
      (0): BasicBlock(
        (conv1): Conv2d(64, 128, kernel_size=(3, 3), stride=(2, 2), padding=(1, 1), bias=False)
        (bn1): BatchNorm2d(128, eps=1e-05, momentum=0.1, affine=True, track_running_stats=True)
        (relu): ReLU(inplace=True)
        (conv2): Conv2d(128, 128, kernel_size=(3, 3), stride=(1, 1), padding=(1, 1), bias=False)
        (bn2): BatchNorm2d(128, eps=1e-05, momentum=0.1, affine=True, track_running_stats=True)
        (downsample): Sequential(
          (0): Conv2d(64, 128, kernel_size=(1, 1), stride=(2, 2), bias=False)
          (1): BatchNorm2d(128, eps=1e-05, momentum=0.1, affine=True, track_running_stats=True)
        )
      )
      (1): BasicBlock(
        (conv1): Conv2d(128, 128, kernel_size=(3, 3), stride=(1, 1), padding=(1, 1), bias=False)
        (bn1): BatchNorm2d(128, eps=1e-05, momentum=0.1, affine=True, track_running_stats=True)
        (relu): ReLU(inplace=True)
        (conv2): Conv2d(128, 128, kernel_size=(3, 3), stride=(1, 1), padding=(1, 1), bias=False)
        (bn2): BatchNorm2d(128, eps=1e-05, momentum=0.1, affine=True, track_running_stats=True)
      )
    )
    (6): Sequential(
      (0): BasicBlock(
        (conv1): Conv2d(128, 256, kernel_size=(3, 3), stride=(2, 2), padding=(1, 1), bias=False)
        (bn1): BatchNorm2d(256, eps=1e-05, momentum=0.1, affine=True, track_running_stats=True)
        (relu): ReLU(inplace=True)
        (conv2): Conv2d(256, 256, kernel_size=(3, 3), stride=(1, 1), padding=(1, 1), bias=False)
        (bn2): BatchNorm2d(256, eps=1e-05, momentum=0.1, affine=True, track_running_stats=True)
        (downsample): Sequential(
          (0): Conv2d(128, 256, kernel_size=(1, 1), stride=(2, 2), bias=False)
          (1): BatchNorm2d(256, eps=1e-05, momentum=0.1, affine=True, track_running_stats=True)
        )
      )
      (1): BasicBlock(
        (conv1): Conv2d(256, 256, kernel_size=(3, 3), stride=(1, 1), padding=(1, 1), bias=False)
        (bn1): BatchNorm2d(256, eps=1e-05, momentum=0.1, affine=True, track_running_stats=True)
        (relu): ReLU(inplace=True)
        (conv2): Conv2d(256, 256, kernel_size=(3, 3), stride=(1, 1), padding=(1, 1), bias=False)
        (bn2): BatchNorm2d(256, eps=1e-05, momentum=0.1, affine=True, track_running_stats=True)
      )
    )
    (7): Sequential(
      (0): BasicBlock(
        (conv1): Conv2d(256, 512, kernel_size=(3, 3), stride=(2, 2), padding=(1, 1), bias=False)
        (bn1): BatchNorm2d(512, eps=1e-05, momentum=0.1, affine=True, track_running_stats=True)
        (relu): ReLU(inplace=True)
        (conv2): Conv2d(512, 512, kernel_size=(3, 3), stride=(1, 1), padding=(1, 1), bias=False)
        (bn2): BatchNorm2d(512, eps=1e-05, momentum=0.1, affine=True, track_running_stats=True)
        (downsample): Sequential(
          (0): Conv2d(256, 512, kernel_size=(1, 1), stride=(2, 2), bias=False)
          (1): BatchNorm2d(512, eps=1e-05, momentum=0.1, affine=True, track_running_stats=True)
        )
      )
      (1): BasicBlock(
        (conv1): Conv2d(512, 512, kernel_size=(3, 3), stride=(1, 1), padding=(1, 1), bias=False)
        (bn1): BatchNorm2d(512, eps=1e-05, momentum=0.1, affine=True, track_running_stats=True)
        (relu): ReLU(inplace=True)
        (conv2): Conv2d(512, 512, kernel_size=(3, 3), stride=(1, 1), padding=(1, 1), bias=False)
        (bn2): BatchNorm2d(512, eps=1e-05, momentum=0.1, affine=True, track_running_stats=True)
      )
    )
    (8): AdaptiveAvgPool2d(output_size=(1, 1))
  )
  (dropout): Dropout(p=0.5, inplace=False)
  (char_outputs): ModuleList(
    (0-1): 2 x Sequential(
      (0): Linear(in_features=512, out_features=256, bias=True)
      (1): ReLU()
      (2): Dropout(p=0.2, inplace=False)
      (3): Linear(in_features=256, out_features=43, bias=True)
    )
  )
)
2024-10-26 03:20:57,197 [INFO] Total parameters: 11461270
2024-10-26 03:20:57,355 [INFO] 
Epoch 1/50
2024-10-26 03:20:57,356 [INFO] Current learning rate: 0.001000
2024-10-26 03:21:51,282 [INFO] New best model saved with accuracy: 2.41%
2024-10-26 03:21:51,284 [INFO] 
Epoch 2/50
2024-10-26 03:21:51,285 [INFO] Current learning rate: 0.000905
2024-10-26 03:22:42,905 [INFO] New best model saved with accuracy: 3.46%
2024-10-26 03:22:42,906 [INFO] 
Epoch 3/50
2024-10-26 03:22:42,907 [INFO] Current learning rate: 0.000655
2024-10-26 03:24:15,930 [INFO] Using device: cuda
2024-10-26 03:24:15,930 [INFO] Number of symbols: 43
2024-10-26 03:24:16,024 [INFO] Training samples: 0
2024-10-26 03:24:16,033 [INFO] Validation samples: 0
2024-10-26 03:24:37,664 [INFO] Using device: cuda
2024-10-26 03:24:37,665 [INFO] Number of symbols: 43
2024-10-26 03:57:37,009 [INFO] Using device: cuda
2024-10-26 03:57:37,010 [INFO] Number of symbols: 43
2024-10-26 03:57:37,011 [INFO] Loaded symbols: 123456789aBCdeFghjkMnoPQRsTUVwxYZ+%|#][{}\-
2024-10-26 03:57:37,011 [INFO] Number of symbols: 43
2024-10-26 03:57:37,011 [INFO] Character to index mapping:
2024-10-26 03:57:37,011 [INFO] '1' -> 0
2024-10-26 03:57:37,011 [INFO] '2' -> 1
2024-10-26 03:57:37,011 [INFO] '3' -> 2
2024-10-26 03:57:37,011 [INFO] '4' -> 3
2024-10-26 03:57:37,011 [INFO] '5' -> 4
2024-10-26 03:57:37,012 [INFO] '6' -> 5
2024-10-26 03:57:37,012 [INFO] '7' -> 6
2024-10-26 03:57:37,012 [INFO] '8' -> 7
2024-10-26 03:57:37,012 [INFO] '9' -> 8
2024-10-26 03:57:37,012 [INFO] 'a' -> 9
2024-10-26 03:57:37,012 [INFO] 'B' -> 10
2024-10-26 03:57:37,012 [INFO] 'C' -> 11
2024-10-26 03:57:37,012 [INFO] 'd' -> 12
2024-10-26 03:57:37,013 [INFO] 'e' -> 13
2024-10-26 03:57:37,013 [INFO] 'F' -> 14
2024-10-26 03:57:37,013 [INFO] 'g' -> 15
2024-10-26 03:57:37,014 [INFO] 'h' -> 16
2024-10-26 03:57:37,014 [INFO] 'j' -> 17
2024-10-26 03:57:37,014 [INFO] 'k' -> 18
2024-10-26 03:57:37,015 [INFO] 'M' -> 19
2024-10-26 03:57:37,015 [INFO] 'n' -> 20
2024-10-26 03:57:37,015 [INFO] 'o' -> 21
2024-10-26 03:57:37,015 [INFO] 'P' -> 22
2024-10-26 03:57:37,016 [INFO] 'Q' -> 23
2024-10-26 03:57:37,016 [INFO] 'R' -> 24
2024-10-26 03:57:37,016 [INFO] 's' -> 25
2024-10-26 03:57:37,016 [INFO] 'T' -> 26
2024-10-26 03:57:37,017 [INFO] 'U' -> 27
2024-10-26 03:57:37,017 [INFO] 'V' -> 28
2024-10-26 03:57:37,017 [INFO] 'w' -> 29
2024-10-26 03:57:37,017 [INFO] 'x' -> 30
2024-10-26 03:57:37,018 [INFO] 'Y' -> 31
2024-10-26 03:57:37,018 [INFO] 'Z' -> 32
2024-10-26 03:57:37,019 [INFO] '+' -> 33
2024-10-26 03:57:37,020 [INFO] '%' -> 34
2024-10-26 03:57:37,022 [INFO] '|' -> 35
2024-10-26 03:57:37,023 [INFO] '#' -> 36
2024-10-26 03:57:37,023 [INFO] ']' -> 37
2024-10-26 03:57:37,024 [INFO] '[' -> 38
2024-10-26 03:57:37,025 [INFO] '{' -> 39
2024-10-26 03:57:37,025 [INFO] '}' -> 40
2024-10-26 03:57:37,026 [INFO] '\' -> 41
2024-10-26 03:57:37,028 [INFO] '-' -> 42
2024-10-26 03:57:37,333 [INFO] 
==================================================
2024-10-26 03:57:37,334 [INFO] Dataset Analysis for: ./train2
2024-10-26 03:57:37,336 [INFO] ==================================================
2024-10-26 03:57:37,336 [INFO] Total files found: 46501
2024-10-26 03:57:37,336 [INFO] Valid samples: 46501
2024-10-26 03:57:37,337 [INFO] Unique captchas: 1681
2024-10-26 03:57:37,338 [INFO] Skipped samples: 0
2024-10-26 03:57:37,338 [INFO] 
Captcha Length Distribution:
2024-10-26 03:57:37,339 [INFO] Length 2: 46501 samples (100.0%)
2024-10-26 03:57:37,339 [INFO] 
Sample of valid files:
2024-10-26 03:57:37,340 [INFO]   ##.png -> label: '##' (length: 2)
2024-10-26 03:57:37,341 [INFO]   ##_1.png -> label: '##' (length: 2)
2024-10-26 03:57:37,342 [INFO]   ##_10.png -> label: '##' (length: 2)
2024-10-26 03:57:37,342 [INFO]   ##_11.png -> label: '##' (length: 2)
2024-10-26 03:57:37,342 [INFO]   ##_12.png -> label: '##' (length: 2)
2024-10-26 03:57:37,343 [INFO] 
Example of multiple versions of same captcha:
2024-10-26 03:57:37,348 [INFO]   Label '7]' appears in files: ['7].png', '7]_1.png', '7]_10.png', '7]_11.png', '7]_12.png', '7]_13.png', '7]_14.png', '7]_15.png', '7]_16.png', '7]_17.png', '7]_18.png', '7]_19.png', '7]_2.png', '7]_20.png', '7]_21.png', '7]_22.png', '7]_23.png', '7]_24.png', '7]_25.png', '7]_26.png', '7]_27.png', '7]_28.png', '7]_29.png', '7]_3.png', '7]_30.png', '7]_31.png', '7]_32.png', '7]_4.png', '7]_5.png', '7]_6.png', '7]_7.png', '7]_8.png', '7]_9.png']
2024-10-26 03:57:37,351 [INFO]   Label 'nB' appears in files: ['nB.png', 'nB_1.png', 'nB_10.png', 'nB_11.png', 'nB_12.png', 'nB_13.png', 'nB_14.png', 'nB_15.png', 'nB_16.png', 'nB_17.png', 'nB_18.png', 'nB_19.png', 'nB_2.png', 'nB_20.png', 'nB_21.png', 'nB_22.png', 'nB_23.png', 'nB_24.png', 'nB_25.png', 'nB_26.png', 'nB_3.png', 'nB_4.png', 'nB_5.png', 'nB_6.png', 'nB_7.png', 'nB_8.png', 'nB_9.png']
2024-10-26 03:57:37,355 [INFO]   Label 'Rw' appears in files: ['Rw.png', 'Rw_1.png', 'Rw_10.png', 'Rw_11.png', 'Rw_12.png', 'Rw_13.png', 'Rw_14.png', 'Rw_15.png', 'Rw_16.png', 'Rw_17.png', 'Rw_18.png', 'Rw_19.png', 'Rw_2.png', 'Rw_20.png', 'Rw_21.png', 'Rw_22.png', 'Rw_23.png', 'Rw_24.png', 'Rw_25.png', 'Rw_26.png', 'Rw_27.png', 'Rw_28.png', 'Rw_29.png', 'Rw_3.png', 'Rw_30.png', 'Rw_4.png', 'Rw_5.png', 'Rw_6.png', 'Rw_7.png', 'Rw_8.png', 'Rw_9.png']
2024-10-26 03:57:37,358 [INFO] Loaded symbols: 123456789aBCdeFghjkMnoPQRsTUVwxYZ+%|#][{}\-
2024-10-26 03:57:37,359 [INFO] Number of symbols: 43
2024-10-26 03:57:37,359 [INFO] Character to index mapping:
2024-10-26 03:57:37,360 [INFO] '1' -> 0
2024-10-26 03:57:37,360 [INFO] '2' -> 1
2024-10-26 03:57:37,361 [INFO] '3' -> 2
2024-10-26 03:57:37,361 [INFO] '4' -> 3
2024-10-26 03:57:37,362 [INFO] '5' -> 4
2024-10-26 03:57:37,362 [INFO] '6' -> 5
2024-10-26 03:57:37,363 [INFO] '7' -> 6
2024-10-26 03:57:37,364 [INFO] '8' -> 7
2024-10-26 03:57:37,365 [INFO] '9' -> 8
2024-10-26 03:57:37,365 [INFO] 'a' -> 9
2024-10-26 03:57:37,366 [INFO] 'B' -> 10
2024-10-26 03:57:37,367 [INFO] 'C' -> 11
2024-10-26 03:57:37,367 [INFO] 'd' -> 12
2024-10-26 03:57:37,368 [INFO] 'e' -> 13
2024-10-26 03:57:37,368 [INFO] 'F' -> 14
2024-10-26 03:57:37,369 [INFO] 'g' -> 15
2024-10-26 03:57:37,369 [INFO] 'h' -> 16
2024-10-26 03:57:37,370 [INFO] 'j' -> 17
2024-10-26 03:57:37,370 [INFO] 'k' -> 18
2024-10-26 03:57:37,371 [INFO] 'M' -> 19
2024-10-26 03:57:37,371 [INFO] 'n' -> 20
2024-10-26 03:57:37,372 [INFO] 'o' -> 21
2024-10-26 03:57:37,372 [INFO] 'P' -> 22
2024-10-26 03:57:37,373 [INFO] 'Q' -> 23
2024-10-26 03:57:37,373 [INFO] 'R' -> 24
2024-10-26 03:57:37,374 [INFO] 's' -> 25
2024-10-26 03:57:37,374 [INFO] 'T' -> 26
2024-10-26 03:57:37,375 [INFO] 'U' -> 27
2024-10-26 03:57:37,375 [INFO] 'V' -> 28
2024-10-26 03:57:37,376 [INFO] 'w' -> 29
2024-10-26 03:57:37,376 [INFO] 'x' -> 30
2024-10-26 03:57:37,377 [INFO] 'Y' -> 31
2024-10-26 03:57:37,377 [INFO] 'Z' -> 32
2024-10-26 03:57:37,378 [INFO] '+' -> 33
2024-10-26 03:57:37,378 [INFO] '%' -> 34
2024-10-26 03:57:37,379 [INFO] '|' -> 35
2024-10-26 03:57:37,379 [INFO] '#' -> 36
2024-10-26 03:57:37,380 [INFO] ']' -> 37
2024-10-26 03:57:37,380 [INFO] '[' -> 38
2024-10-26 03:57:37,380 [INFO] '{' -> 39
2024-10-26 03:57:37,381 [INFO] '}' -> 40
2024-10-26 03:57:37,381 [INFO] '\' -> 41
2024-10-26 03:57:37,381 [INFO] '-' -> 42
2024-10-26 03:57:37,412 [INFO] 
==================================================
2024-10-26 03:57:37,413 [INFO] Dataset Analysis for: ./validate2
2024-10-26 03:57:37,413 [INFO] ==================================================
2024-10-26 03:57:37,414 [INFO] Total files found: 4630
2024-10-26 03:57:37,415 [INFO] Valid samples: 4630
2024-10-26 03:57:37,415 [INFO] Unique captchas: 1574
2024-10-26 03:57:37,416 [INFO] Skipped samples: 0
2024-10-26 03:57:37,417 [INFO] 
Captcha Length Distribution:
2024-10-26 03:57:37,417 [INFO] Length 2: 4630 samples (100.0%)
2024-10-26 03:57:37,418 [INFO] 
Sample of valid files:
2024-10-26 03:57:37,419 [INFO]   ##.png -> label: '##' (length: 2)
2024-10-26 03:57:37,420 [INFO]   ##_1.png -> label: '##' (length: 2)
2024-10-26 03:57:37,420 [INFO]   #%.png -> label: '#%' (length: 2)
2024-10-26 03:57:37,421 [INFO]   #%_1.png -> label: '#%' (length: 2)
2024-10-26 03:57:37,421 [INFO]   #%_2.png -> label: '#%' (length: 2)
2024-10-26 03:57:37,421 [INFO] 
Example of multiple versions of same captcha:
2024-10-26 03:57:37,422 [INFO]   Label 'nB' appears in files: ['nB.png', 'nB_1.png', 'nB_2.png', 'nB_3.png']
2024-10-26 03:57:37,423 [INFO]   Label 'Rw' appears in files: ['Rw.png', 'Rw_1.png']
2024-10-26 03:57:37,608 [INFO] Model Architecture:
2024-10-26 03:57:37,608 [INFO] CaptchaModel(
  (backbone): Sequential(
    (0): Conv2d(3, 64, kernel_size=(7, 7), stride=(2, 2), padding=(3, 3), bias=False)
    (1): BatchNorm2d(64, eps=1e-05, momentum=0.1, affine=True, track_running_stats=True)
    (2): ReLU(inplace=True)
    (3): MaxPool2d(kernel_size=3, stride=2, padding=1, dilation=1, ceil_mode=False)
    (4): Sequential(
      (0): BasicBlock(
        (conv1): Conv2d(64, 64, kernel_size=(3, 3), stride=(1, 1), padding=(1, 1), bias=False)
        (bn1): BatchNorm2d(64, eps=1e-05, momentum=0.1, affine=True, track_running_stats=True)
        (relu): ReLU(inplace=True)
        (conv2): Conv2d(64, 64, kernel_size=(3, 3), stride=(1, 1), padding=(1, 1), bias=False)
        (bn2): BatchNorm2d(64, eps=1e-05, momentum=0.1, affine=True, track_running_stats=True)
      )
      (1): BasicBlock(
        (conv1): Conv2d(64, 64, kernel_size=(3, 3), stride=(1, 1), padding=(1, 1), bias=False)
        (bn1): BatchNorm2d(64, eps=1e-05, momentum=0.1, affine=True, track_running_stats=True)
        (relu): ReLU(inplace=True)
        (conv2): Conv2d(64, 64, kernel_size=(3, 3), stride=(1, 1), padding=(1, 1), bias=False)
        (bn2): BatchNorm2d(64, eps=1e-05, momentum=0.1, affine=True, track_running_stats=True)
      )
    )
    (5): Sequential(
      (0): BasicBlock(
        (conv1): Conv2d(64, 128, kernel_size=(3, 3), stride=(2, 2), padding=(1, 1), bias=False)
        (bn1): BatchNorm2d(128, eps=1e-05, momentum=0.1, affine=True, track_running_stats=True)
        (relu): ReLU(inplace=True)
        (conv2): Conv2d(128, 128, kernel_size=(3, 3), stride=(1, 1), padding=(1, 1), bias=False)
        (bn2): BatchNorm2d(128, eps=1e-05, momentum=0.1, affine=True, track_running_stats=True)
        (downsample): Sequential(
          (0): Conv2d(64, 128, kernel_size=(1, 1), stride=(2, 2), bias=False)
          (1): BatchNorm2d(128, eps=1e-05, momentum=0.1, affine=True, track_running_stats=True)
        )
      )
      (1): BasicBlock(
        (conv1): Conv2d(128, 128, kernel_size=(3, 3), stride=(1, 1), padding=(1, 1), bias=False)
        (bn1): BatchNorm2d(128, eps=1e-05, momentum=0.1, affine=True, track_running_stats=True)
        (relu): ReLU(inplace=True)
        (conv2): Conv2d(128, 128, kernel_size=(3, 3), stride=(1, 1), padding=(1, 1), bias=False)
        (bn2): BatchNorm2d(128, eps=1e-05, momentum=0.1, affine=True, track_running_stats=True)
      )
    )
    (6): Sequential(
      (0): BasicBlock(
        (conv1): Conv2d(128, 256, kernel_size=(3, 3), stride=(2, 2), padding=(1, 1), bias=False)
        (bn1): BatchNorm2d(256, eps=1e-05, momentum=0.1, affine=True, track_running_stats=True)
        (relu): ReLU(inplace=True)
        (conv2): Conv2d(256, 256, kernel_size=(3, 3), stride=(1, 1), padding=(1, 1), bias=False)
        (bn2): BatchNorm2d(256, eps=1e-05, momentum=0.1, affine=True, track_running_stats=True)
        (downsample): Sequential(
          (0): Conv2d(128, 256, kernel_size=(1, 1), stride=(2, 2), bias=False)
          (1): BatchNorm2d(256, eps=1e-05, momentum=0.1, affine=True, track_running_stats=True)
        )
      )
      (1): BasicBlock(
        (conv1): Conv2d(256, 256, kernel_size=(3, 3), stride=(1, 1), padding=(1, 1), bias=False)
        (bn1): BatchNorm2d(256, eps=1e-05, momentum=0.1, affine=True, track_running_stats=True)
        (relu): ReLU(inplace=True)
        (conv2): Conv2d(256, 256, kernel_size=(3, 3), stride=(1, 1), padding=(1, 1), bias=False)
        (bn2): BatchNorm2d(256, eps=1e-05, momentum=0.1, affine=True, track_running_stats=True)
      )
    )
    (7): Sequential(
      (0): BasicBlock(
        (conv1): Conv2d(256, 512, kernel_size=(3, 3), stride=(2, 2), padding=(1, 1), bias=False)
        (bn1): BatchNorm2d(512, eps=1e-05, momentum=0.1, affine=True, track_running_stats=True)
        (relu): ReLU(inplace=True)
        (conv2): Conv2d(512, 512, kernel_size=(3, 3), stride=(1, 1), padding=(1, 1), bias=False)
        (bn2): BatchNorm2d(512, eps=1e-05, momentum=0.1, affine=True, track_running_stats=True)
        (downsample): Sequential(
          (0): Conv2d(256, 512, kernel_size=(1, 1), stride=(2, 2), bias=False)
          (1): BatchNorm2d(512, eps=1e-05, momentum=0.1, affine=True, track_running_stats=True)
        )
      )
      (1): BasicBlock(
        (conv1): Conv2d(512, 512, kernel_size=(3, 3), stride=(1, 1), padding=(1, 1), bias=False)
        (bn1): BatchNorm2d(512, eps=1e-05, momentum=0.1, affine=True, track_running_stats=True)
        (relu): ReLU(inplace=True)
        (conv2): Conv2d(512, 512, kernel_size=(3, 3), stride=(1, 1), padding=(1, 1), bias=False)
        (bn2): BatchNorm2d(512, eps=1e-05, momentum=0.1, affine=True, track_running_stats=True)
      )
    )
    (8): AdaptiveAvgPool2d(output_size=(1, 1))
  )
  (dropout): Dropout(p=0.5, inplace=False)
  (char_outputs): ModuleList(
    (0-1): 2 x Sequential(
      (0): Linear(in_features=512, out_features=256, bias=True)
      (1): ReLU()
      (2): Dropout(p=0.2, inplace=False)
      (3): Linear(in_features=256, out_features=43, bias=True)
    )
  )
)
2024-10-26 03:57:37,619 [INFO] Total parameters: 11461270
2024-10-26 03:57:37,764 [INFO] Loading checkpoint from captcha_model2_best.pth
2024-10-26 03:57:37,935 [INFO] 
Epoch 2/50
2024-10-26 03:57:37,936 [INFO] Current learning rate: 0.001000
2024-10-26 04:00:56,739 [INFO] New best model saved with accuracy: 30.95%
2024-10-26 04:00:56,741 [INFO] 
Epoch 3/50
2024-10-26 04:00:56,741 [INFO] Current learning rate: 0.000905
2024-10-26 04:03:45,418 [INFO] New best model saved with accuracy: 75.80%
2024-10-26 04:03:45,419 [INFO] 
Epoch 4/50
2024-10-26 04:03:45,420 [INFO] Current learning rate: 0.000655
2024-10-26 04:06:33,654 [INFO] New best model saved with accuracy: 87.40%
2024-10-26 04:06:33,656 [INFO] 
Epoch 5/50
2024-10-26 04:06:33,657 [INFO] Current learning rate: 0.000346
2024-10-26 04:09:16,394 [INFO] New best model saved with accuracy: 94.03%
2024-10-26 04:09:16,396 [INFO] 
Epoch 6/50
2024-10-26 04:09:16,396 [INFO] Current learning rate: 0.000096
2024-10-26 04:11:55,869 [INFO] New best model saved with accuracy: 96.37%
2024-10-26 04:11:55,870 [INFO] 
Epoch 7/50
2024-10-26 04:11:55,871 [INFO] Current learning rate: 0.001000
2024-10-26 04:14:39,484 [INFO] 
Epoch 8/50
2024-10-26 04:14:39,485 [INFO] Current learning rate: 0.000976
2024-10-26 04:17:36,408 [INFO] 
Epoch 9/50
2024-10-26 04:17:36,409 [INFO] Current learning rate: 0.000905
2024-10-26 04:20:48,881 [INFO] 
Epoch 10/50
2024-10-26 04:20:48,882 [INFO] Current learning rate: 0.000794
2024-10-26 04:24:09,660 [INFO] New best model saved with accuracy: 96.72%
2024-10-26 04:24:09,662 [INFO] 
Epoch 11/50
2024-10-26 04:24:09,662 [INFO] Current learning rate: 0.000655
2024-10-26 08:15:21,120 [INFO] Using device: cuda
2024-10-26 08:15:21,120 [INFO] Number of symbols: 43
2024-10-26 08:15:21,122 [INFO] Loaded symbols: 123456789aBCdeFghjkMnoPQRsTUVwxYZ+%|#][{}\-
2024-10-26 08:15:21,123 [INFO] Number of symbols: 43
2024-10-26 08:15:21,123 [INFO] Character to index mapping:
2024-10-26 08:15:21,123 [INFO] '1' -> 0
2024-10-26 08:15:21,124 [INFO] '2' -> 1
2024-10-26 08:15:21,124 [INFO] '3' -> 2
2024-10-26 08:15:21,124 [INFO] '4' -> 3
2024-10-26 08:15:21,124 [INFO] '5' -> 4
2024-10-26 08:15:21,124 [INFO] '6' -> 5
2024-10-26 08:15:21,125 [INFO] '7' -> 6
2024-10-26 08:15:21,125 [INFO] '8' -> 7
2024-10-26 08:15:21,125 [INFO] '9' -> 8
2024-10-26 08:15:21,126 [INFO] 'a' -> 9
2024-10-26 08:15:21,126 [INFO] 'B' -> 10
2024-10-26 08:15:21,127 [INFO] 'C' -> 11
2024-10-26 08:15:21,127 [INFO] 'd' -> 12
2024-10-26 08:15:21,128 [INFO] 'e' -> 13
2024-10-26 08:15:21,128 [INFO] 'F' -> 14
2024-10-26 08:15:21,128 [INFO] 'g' -> 15
2024-10-26 08:15:21,129 [INFO] 'h' -> 16
2024-10-26 08:15:21,129 [INFO] 'j' -> 17
2024-10-26 08:15:21,130 [INFO] 'k' -> 18
2024-10-26 08:15:21,130 [INFO] 'M' -> 19
2024-10-26 08:15:21,131 [INFO] 'n' -> 20
2024-10-26 08:15:21,131 [INFO] 'o' -> 21
2024-10-26 08:15:21,132 [INFO] 'P' -> 22
2024-10-26 08:15:21,134 [INFO] 'Q' -> 23
2024-10-26 08:15:21,136 [INFO] 'R' -> 24
2024-10-26 08:15:21,136 [INFO] 's' -> 25
2024-10-26 08:15:21,137 [INFO] 'T' -> 26
2024-10-26 08:15:21,137 [INFO] 'U' -> 27
2024-10-26 08:15:21,138 [INFO] 'V' -> 28
2024-10-26 08:15:21,139 [INFO] 'w' -> 29
2024-10-26 08:15:21,139 [INFO] 'x' -> 30
2024-10-26 08:15:21,139 [INFO] 'Y' -> 31
2024-10-26 08:15:21,141 [INFO] 'Z' -> 32
2024-10-26 08:15:21,141 [INFO] '+' -> 33
2024-10-26 08:15:21,142 [INFO] '%' -> 34
2024-10-26 08:15:21,143 [INFO] '|' -> 35
2024-10-26 08:15:21,143 [INFO] '#' -> 36
2024-10-26 08:15:21,143 [INFO] ']' -> 37
2024-10-26 08:15:21,143 [INFO] '[' -> 38
2024-10-26 08:15:21,144 [INFO] '{' -> 39
2024-10-26 08:15:21,144 [INFO] '}' -> 40
2024-10-26 08:15:21,144 [INFO] '\' -> 41
2024-10-26 08:15:21,145 [INFO] '-' -> 42
2024-10-26 08:15:21,675 [INFO] 
==================================================
2024-10-26 08:15:21,676 [INFO] Dataset Analysis for: ./train2
2024-10-26 08:15:21,676 [INFO] ==================================================
2024-10-26 08:15:21,677 [INFO] Total files found: 83817
2024-10-26 08:15:21,677 [INFO] Valid samples: 83817
2024-10-26 08:15:21,677 [INFO] Unique captchas: 1681
2024-10-26 08:15:21,678 [INFO] Skipped samples: 0
2024-10-26 08:15:21,678 [INFO] 
Captcha Length Distribution:
2024-10-26 08:15:21,678 [INFO] Length 2: 83817 samples (100.0%)
2024-10-26 08:15:21,679 [INFO] 
Sample of valid files:
2024-10-26 08:15:21,679 [INFO]   ##.png -> label: '##' (length: 2)
2024-10-26 08:15:21,680 [INFO]   ##_1.png -> label: '##' (length: 2)
2024-10-26 08:15:21,680 [INFO]   ##_10.png -> label: '##' (length: 2)
2024-10-26 08:15:21,680 [INFO]   ##_11.png -> label: '##' (length: 2)
2024-10-26 08:15:21,680 [INFO]   ##_12.png -> label: '##' (length: 2)
2024-10-26 08:15:21,681 [INFO] 
Example of multiple versions of same captcha:
2024-10-26 08:15:21,692 [INFO]   Label 'x6' appears in files: ['x6.png', 'x6_1.png', 'x6_10.png', 'x6_11.png', 'x6_12.png', 'x6_13.png', 'x6_14.png', 'x6_15.png', 'x6_16.png', 'x6_17.png', 'x6_18.png', 'x6_19.png', 'x6_2.png', 'x6_20.png', 'x6_21.png', 'x6_22.png', 'x6_23.png', 'x6_24.png', 'x6_25.png', 'x6_26.png', 'x6_27.png', 'x6_28.png', 'x6_29.png', 'x6_3.png', 'x6_30.png', 'x6_31.png', 'x6_32.png', 'x6_33.png', 'x6_34.png', 'x6_35.png', 'x6_36.png', 'x6_37.png', 'x6_38.png', 'x6_39.png', 'x6_4.png', 'x6_40.png', 'x6_41.png', 'x6_42.png', 'x6_43.png', 'x6_44.png', 'x6_45.png', 'x6_46.png', 'x6_47.png', 'x6_48.png', 'x6_49.png', 'x6_5.png', 'x6_50.png', 'x6_51.png', 'x6_52.png', 'x6_53.png', 'x6_54.png', 'x6_55.png', 'x6_56.png', 'x6_6.png', 'x6_7.png', 'x6_8.png', 'x6_9.png']
2024-10-26 08:15:21,697 [INFO]   Label '#w' appears in files: ['#w.png', '#w_1.png', '#w_10.png', '#w_11.png', '#w_12.png', '#w_13.png', '#w_14.png', '#w_15.png', '#w_16.png', '#w_17.png', '#w_18.png', '#w_19.png', '#w_2.png', '#w_20.png', '#w_21.png', '#w_22.png', '#w_23.png', '#w_24.png', '#w_25.png', '#w_26.png', '#w_27.png', '#w_28.png', '#w_29.png', '#w_3.png', '#w_30.png', '#w_31.png', '#w_32.png', '#w_33.png', '#w_34.png', '#w_35.png', '#w_36.png', '#w_37.png', '#w_38.png', '#w_39.png', '#w_4.png', '#w_40.png', '#w_41.png', '#w_42.png', '#w_43.png', '#w_44.png', '#w_45.png', '#w_46.png', '#w_47.png', '#w_48.png', '#w_49.png', '#w_5.png', '#w_50.png', '#w_6.png', '#w_7.png', '#w_8.png', '#w_9.png']
2024-10-26 08:15:21,701 [INFO]   Label 'Cs' appears in files: ['Cs.png', 'Cs_1.png', 'Cs_10.png', 'Cs_11.png', 'Cs_12.png', 'Cs_13.png', 'Cs_14.png', 'Cs_15.png', 'Cs_16.png', 'Cs_17.png', 'Cs_18.png', 'Cs_19.png', 'Cs_2.png', 'Cs_20.png', 'Cs_21.png', 'Cs_22.png', 'Cs_23.png', 'Cs_24.png', 'Cs_25.png', 'Cs_26.png', 'Cs_27.png', 'Cs_28.png', 'Cs_29.png', 'Cs_3.png', 'Cs_30.png', 'Cs_31.png', 'Cs_32.png', 'Cs_33.png', 'Cs_34.png', 'Cs_35.png', 'Cs_36.png', 'Cs_37.png', 'Cs_38.png', 'Cs_39.png', 'Cs_4.png', 'Cs_40.png', 'Cs_41.png', 'Cs_42.png', 'Cs_43.png', 'Cs_44.png', 'Cs_45.png', 'Cs_46.png', 'Cs_47.png', 'Cs_48.png', 'Cs_49.png', 'Cs_5.png', 'Cs_50.png', 'Cs_51.png', 'Cs_52.png', 'Cs_53.png', 'Cs_54.png', 'Cs_55.png', 'Cs_56.png', 'Cs_57.png', 'Cs_58.png', 'Cs_59.png', 'Cs_6.png', 'Cs_60.png', 'Cs_61.png', 'Cs_62.png', 'Cs_7.png', 'Cs_8.png', 'Cs_9.png']
2024-10-26 08:15:21,706 [INFO] Loaded symbols: 123456789aBCdeFghjkMnoPQRsTUVwxYZ+%|#][{}\-
2024-10-26 08:15:21,707 [INFO] Number of symbols: 43
2024-10-26 08:15:21,707 [INFO] Character to index mapping:
2024-10-26 08:15:21,707 [INFO] '1' -> 0
2024-10-26 08:15:21,708 [INFO] '2' -> 1
2024-10-26 08:15:21,709 [INFO] '3' -> 2
2024-10-26 08:15:21,710 [INFO] '4' -> 3
2024-10-26 08:15:21,710 [INFO] '5' -> 4
2024-10-26 08:15:21,711 [INFO] '6' -> 5
2024-10-26 08:15:21,711 [INFO] '7' -> 6
2024-10-26 08:15:21,711 [INFO] '8' -> 7
2024-10-26 08:15:21,712 [INFO] '9' -> 8
2024-10-26 08:15:21,712 [INFO] 'a' -> 9
2024-10-26 08:15:21,712 [INFO] 'B' -> 10
2024-10-26 08:15:21,713 [INFO] 'C' -> 11
2024-10-26 08:15:21,713 [INFO] 'd' -> 12
2024-10-26 08:15:21,714 [INFO] 'e' -> 13
2024-10-26 08:15:21,714 [INFO] 'F' -> 14
2024-10-26 08:15:21,714 [INFO] 'g' -> 15
2024-10-26 08:15:21,714 [INFO] 'h' -> 16
2024-10-26 08:15:21,715 [INFO] 'j' -> 17
2024-10-26 08:15:21,715 [INFO] 'k' -> 18
2024-10-26 08:15:21,715 [INFO] 'M' -> 19
2024-10-26 08:15:21,716 [INFO] 'n' -> 20
2024-10-26 08:15:21,716 [INFO] 'o' -> 21
2024-10-26 08:15:21,716 [INFO] 'P' -> 22
2024-10-26 08:15:21,716 [INFO] 'Q' -> 23
2024-10-26 08:15:21,717 [INFO] 'R' -> 24
2024-10-26 08:15:21,717 [INFO] 's' -> 25
2024-10-26 08:15:21,717 [INFO] 'T' -> 26
2024-10-26 08:15:21,718 [INFO] 'U' -> 27
2024-10-26 08:15:21,718 [INFO] 'V' -> 28
2024-10-26 08:15:21,718 [INFO] 'w' -> 29
2024-10-26 08:15:21,719 [INFO] 'x' -> 30
2024-10-26 08:15:21,719 [INFO] 'Y' -> 31
2024-10-26 08:15:21,720 [INFO] 'Z' -> 32
2024-10-26 08:15:21,721 [INFO] '+' -> 33
2024-10-26 08:15:21,721 [INFO] '%' -> 34
2024-10-26 08:15:21,721 [INFO] '|' -> 35
2024-10-26 08:15:21,722 [INFO] '#' -> 36
2024-10-26 08:15:21,722 [INFO] ']' -> 37
2024-10-26 08:15:21,723 [INFO] '[' -> 38
2024-10-26 08:15:21,723 [INFO] '{' -> 39
2024-10-26 08:15:21,723 [INFO] '}' -> 40
2024-10-26 08:15:21,724 [INFO] '\' -> 41
2024-10-26 08:15:21,725 [INFO] '-' -> 42
2024-10-26 08:15:21,757 [INFO] 
==================================================
2024-10-26 08:15:21,758 [INFO] Dataset Analysis for: ./validate2
2024-10-26 08:15:21,759 [INFO] ==================================================
2024-10-26 08:15:21,759 [INFO] Total files found: 4630
2024-10-26 08:15:21,760 [INFO] Valid samples: 4630
2024-10-26 08:15:21,760 [INFO] Unique captchas: 1574
2024-10-26 08:15:21,761 [INFO] Skipped samples: 0
2024-10-26 08:15:21,761 [INFO] 
Captcha Length Distribution:
2024-10-26 08:15:21,762 [INFO] Length 2: 4630 samples (100.0%)
2024-10-26 08:15:21,762 [INFO] 
Sample of valid files:
2024-10-26 08:15:21,763 [INFO]   ##.png -> label: '##' (length: 2)
2024-10-26 08:15:21,763 [INFO]   ##_1.png -> label: '##' (length: 2)
2024-10-26 08:15:21,764 [INFO]   #%.png -> label: '#%' (length: 2)
2024-10-26 08:15:21,764 [INFO]   #%_1.png -> label: '#%' (length: 2)
2024-10-26 08:15:21,765 [INFO]   #%_2.png -> label: '#%' (length: 2)
2024-10-26 08:15:21,765 [INFO] 
Example of multiple versions of same captcha:
2024-10-26 08:15:21,766 [INFO]   Label 'x6' appears in files: ['x6.png', 'x6_1.png', 'x6_2.png']
2024-10-26 08:15:21,767 [INFO]   Label '#w' appears in files: ['#w.png', '#w_1.png']
2024-10-26 08:15:21,947 [INFO] Model Architecture:
2024-10-26 08:15:21,947 [INFO] CaptchaModel(
  (backbone): Sequential(
    (0): Conv2d(3, 64, kernel_size=(7, 7), stride=(2, 2), padding=(3, 3), bias=False)
    (1): BatchNorm2d(64, eps=1e-05, momentum=0.1, affine=True, track_running_stats=True)
    (2): ReLU(inplace=True)
    (3): MaxPool2d(kernel_size=3, stride=2, padding=1, dilation=1, ceil_mode=False)
    (4): Sequential(
      (0): BasicBlock(
        (conv1): Conv2d(64, 64, kernel_size=(3, 3), stride=(1, 1), padding=(1, 1), bias=False)
        (bn1): BatchNorm2d(64, eps=1e-05, momentum=0.1, affine=True, track_running_stats=True)
        (relu): ReLU(inplace=True)
        (conv2): Conv2d(64, 64, kernel_size=(3, 3), stride=(1, 1), padding=(1, 1), bias=False)
        (bn2): BatchNorm2d(64, eps=1e-05, momentum=0.1, affine=True, track_running_stats=True)
      )
      (1): BasicBlock(
        (conv1): Conv2d(64, 64, kernel_size=(3, 3), stride=(1, 1), padding=(1, 1), bias=False)
        (bn1): BatchNorm2d(64, eps=1e-05, momentum=0.1, affine=True, track_running_stats=True)
        (relu): ReLU(inplace=True)
        (conv2): Conv2d(64, 64, kernel_size=(3, 3), stride=(1, 1), padding=(1, 1), bias=False)
        (bn2): BatchNorm2d(64, eps=1e-05, momentum=0.1, affine=True, track_running_stats=True)
      )
    )
    (5): Sequential(
      (0): BasicBlock(
        (conv1): Conv2d(64, 128, kernel_size=(3, 3), stride=(2, 2), padding=(1, 1), bias=False)
        (bn1): BatchNorm2d(128, eps=1e-05, momentum=0.1, affine=True, track_running_stats=True)
        (relu): ReLU(inplace=True)
        (conv2): Conv2d(128, 128, kernel_size=(3, 3), stride=(1, 1), padding=(1, 1), bias=False)
        (bn2): BatchNorm2d(128, eps=1e-05, momentum=0.1, affine=True, track_running_stats=True)
        (downsample): Sequential(
          (0): Conv2d(64, 128, kernel_size=(1, 1), stride=(2, 2), bias=False)
          (1): BatchNorm2d(128, eps=1e-05, momentum=0.1, affine=True, track_running_stats=True)
        )
      )
      (1): BasicBlock(
        (conv1): Conv2d(128, 128, kernel_size=(3, 3), stride=(1, 1), padding=(1, 1), bias=False)
        (bn1): BatchNorm2d(128, eps=1e-05, momentum=0.1, affine=True, track_running_stats=True)
        (relu): ReLU(inplace=True)
        (conv2): Conv2d(128, 128, kernel_size=(3, 3), stride=(1, 1), padding=(1, 1), bias=False)
        (bn2): BatchNorm2d(128, eps=1e-05, momentum=0.1, affine=True, track_running_stats=True)
      )
    )
    (6): Sequential(
      (0): BasicBlock(
        (conv1): Conv2d(128, 256, kernel_size=(3, 3), stride=(2, 2), padding=(1, 1), bias=False)
        (bn1): BatchNorm2d(256, eps=1e-05, momentum=0.1, affine=True, track_running_stats=True)
        (relu): ReLU(inplace=True)
        (conv2): Conv2d(256, 256, kernel_size=(3, 3), stride=(1, 1), padding=(1, 1), bias=False)
        (bn2): BatchNorm2d(256, eps=1e-05, momentum=0.1, affine=True, track_running_stats=True)
        (downsample): Sequential(
          (0): Conv2d(128, 256, kernel_size=(1, 1), stride=(2, 2), bias=False)
          (1): BatchNorm2d(256, eps=1e-05, momentum=0.1, affine=True, track_running_stats=True)
        )
      )
      (1): BasicBlock(
        (conv1): Conv2d(256, 256, kernel_size=(3, 3), stride=(1, 1), padding=(1, 1), bias=False)
        (bn1): BatchNorm2d(256, eps=1e-05, momentum=0.1, affine=True, track_running_stats=True)
        (relu): ReLU(inplace=True)
        (conv2): Conv2d(256, 256, kernel_size=(3, 3), stride=(1, 1), padding=(1, 1), bias=False)
        (bn2): BatchNorm2d(256, eps=1e-05, momentum=0.1, affine=True, track_running_stats=True)
      )
    )
    (7): Sequential(
      (0): BasicBlock(
        (conv1): Conv2d(256, 512, kernel_size=(3, 3), stride=(2, 2), padding=(1, 1), bias=False)
        (bn1): BatchNorm2d(512, eps=1e-05, momentum=0.1, affine=True, track_running_stats=True)
        (relu): ReLU(inplace=True)
        (conv2): Conv2d(512, 512, kernel_size=(3, 3), stride=(1, 1), padding=(1, 1), bias=False)
        (bn2): BatchNorm2d(512, eps=1e-05, momentum=0.1, affine=True, track_running_stats=True)
        (downsample): Sequential(
          (0): Conv2d(256, 512, kernel_size=(1, 1), stride=(2, 2), bias=False)
          (1): BatchNorm2d(512, eps=1e-05, momentum=0.1, affine=True, track_running_stats=True)
        )
      )
      (1): BasicBlock(
        (conv1): Conv2d(512, 512, kernel_size=(3, 3), stride=(1, 1), padding=(1, 1), bias=False)
        (bn1): BatchNorm2d(512, eps=1e-05, momentum=0.1, affine=True, track_running_stats=True)
        (relu): ReLU(inplace=True)
        (conv2): Conv2d(512, 512, kernel_size=(3, 3), stride=(1, 1), padding=(1, 1), bias=False)
        (bn2): BatchNorm2d(512, eps=1e-05, momentum=0.1, affine=True, track_running_stats=True)
      )
    )
    (8): AdaptiveAvgPool2d(output_size=(1, 1))
  )
  (dropout): Dropout(p=0.5, inplace=False)
  (char_outputs): ModuleList(
    (0-1): 2 x Sequential(
      (0): Linear(in_features=512, out_features=256, bias=True)
      (1): ReLU()
      (2): Dropout(p=0.2, inplace=False)
      (3): Linear(in_features=256, out_features=43, bias=True)
    )
  )
)
2024-10-26 08:15:21,959 [INFO] Total parameters: 11461270
2024-10-26 08:15:22,097 [INFO] Loading checkpoint from captcha_model2_best.pth
2024-10-26 08:15:22,246 [INFO] 
Epoch 10/20
2024-10-26 08:15:22,247 [INFO] Current learning rate: 0.001000
2024-10-26 08:19:40,294 [INFO] New best model saved with accuracy: 96.95%
2024-10-26 08:19:40,296 [INFO] 
Epoch 11/20
2024-10-26 08:19:40,296 [INFO] Current learning rate: 0.000905
2024-10-26 08:23:46,055 [INFO] New best model saved with accuracy: 98.05%
2024-10-26 08:23:46,056 [INFO] 
Epoch 12/20
2024-10-26 08:23:46,056 [INFO] Current learning rate: 0.000655
2024-10-26 08:27:51,787 [INFO] New best model saved with accuracy: 98.12%
2024-10-26 08:27:51,788 [INFO] 
Epoch 13/20
2024-10-26 08:27:51,789 [INFO] Current learning rate: 0.000346
2024-10-26 08:31:58,182 [INFO] New best model saved with accuracy: 99.03%
2024-10-26 08:31:58,183 [INFO] 
Epoch 14/20
2024-10-26 08:31:58,183 [INFO] Current learning rate: 0.000096
2024-10-26 08:36:04,704 [INFO] New best model saved with accuracy: 99.37%
2024-10-26 08:36:04,706 [INFO] 
Epoch 15/20
2024-10-26 08:36:04,707 [INFO] Current learning rate: 0.001000
2024-10-26 08:40:11,166 [INFO] 
Epoch 16/20
2024-10-26 08:40:11,167 [INFO] Current learning rate: 0.000976
2024-10-26 08:44:18,095 [INFO] 
Epoch 17/20
2024-10-26 08:44:18,096 [INFO] Current learning rate: 0.000905
2024-10-26 08:48:25,589 [INFO] 
Epoch 18/20
2024-10-26 08:48:25,590 [INFO] Current learning rate: 0.000794
2024-10-26 08:52:32,270 [INFO] 
Epoch 19/20
2024-10-26 08:52:32,271 [INFO] Current learning rate: 0.000655
2024-10-26 08:56:39,457 [INFO] 
Epoch 20/20
2024-10-26 08:56:39,458 [INFO] Current learning rate: 0.000501
2024-10-26 15:14:58,087 [INFO] Using device: cuda
2024-10-26 15:14:58,088 [INFO] Number of symbols: 43
2024-10-26 15:14:58,089 [INFO] Loaded symbols: 123456789aBCdeFghjkMnoPQRsTUVwxYZ+%|#][{}\-
2024-10-26 15:14:58,089 [INFO] Number of symbols: 43
2024-10-26 15:14:58,090 [INFO] Character to index mapping:
2024-10-26 15:14:58,090 [INFO] '1' -> 0
2024-10-26 15:14:58,090 [INFO] '2' -> 1
2024-10-26 15:14:58,091 [INFO] '3' -> 2
2024-10-26 15:14:58,091 [INFO] '4' -> 3
2024-10-26 15:14:58,091 [INFO] '5' -> 4
2024-10-26 15:14:58,091 [INFO] '6' -> 5
2024-10-26 15:14:58,091 [INFO] '7' -> 6
2024-10-26 15:14:58,092 [INFO] '8' -> 7
2024-10-26 15:14:58,092 [INFO] '9' -> 8
2024-10-26 15:14:58,092 [INFO] 'a' -> 9
2024-10-26 15:14:58,092 [INFO] 'B' -> 10
2024-10-26 15:14:58,093 [INFO] 'C' -> 11
2024-10-26 15:14:58,093 [INFO] 'd' -> 12
2024-10-26 15:14:58,093 [INFO] 'e' -> 13
2024-10-26 15:14:58,093 [INFO] 'F' -> 14
2024-10-26 15:14:58,093 [INFO] 'g' -> 15
2024-10-26 15:14:58,093 [INFO] 'h' -> 16
2024-10-26 15:14:58,094 [INFO] 'j' -> 17
2024-10-26 15:14:58,094 [INFO] 'k' -> 18
2024-10-26 15:14:58,094 [INFO] 'M' -> 19
2024-10-26 15:14:58,094 [INFO] 'n' -> 20
2024-10-26 15:14:58,094 [INFO] 'o' -> 21
2024-10-26 15:14:58,094 [INFO] 'P' -> 22
2024-10-26 15:14:58,095 [INFO] 'Q' -> 23
2024-10-26 15:14:58,095 [INFO] 'R' -> 24
2024-10-26 15:14:58,095 [INFO] 's' -> 25
2024-10-26 15:14:58,096 [INFO] 'T' -> 26
2024-10-26 15:14:58,096 [INFO] 'U' -> 27
2024-10-26 15:14:58,097 [INFO] 'V' -> 28
2024-10-26 15:14:58,097 [INFO] 'w' -> 29
2024-10-26 15:14:58,097 [INFO] 'x' -> 30
2024-10-26 15:14:58,097 [INFO] 'Y' -> 31
2024-10-26 15:14:58,097 [INFO] 'Z' -> 32
2024-10-26 15:14:58,097 [INFO] '+' -> 33
2024-10-26 15:14:58,097 [INFO] '%' -> 34
2024-10-26 15:14:58,099 [INFO] '|' -> 35
2024-10-26 15:14:58,099 [INFO] '#' -> 36
2024-10-26 15:14:58,099 [INFO] ']' -> 37
2024-10-26 15:14:58,099 [INFO] '[' -> 38
2024-10-26 15:14:58,100 [INFO] '{' -> 39
2024-10-26 15:14:58,100 [INFO] '}' -> 40
2024-10-26 15:14:58,100 [INFO] '\' -> 41
2024-10-26 15:14:58,101 [INFO] '-' -> 42
2024-10-26 15:14:59,038 [INFO] 
==================================================
2024-10-26 15:14:59,038 [INFO] Dataset Analysis for: ./train2
2024-10-26 15:14:59,039 [INFO] ==================================================
2024-10-26 15:14:59,039 [INFO] Total files found: 102377
2024-10-26 15:14:59,039 [INFO] Valid samples: 102377
2024-10-26 15:14:59,039 [INFO] Unique captchas: 1681
2024-10-26 15:14:59,039 [INFO] Skipped samples: 0
2024-10-26 15:14:59,040 [INFO] 
Captcha Length Distribution:
2024-10-26 15:14:59,040 [INFO] Length 2: 102377 samples (100.0%)
2024-10-26 15:14:59,040 [INFO] 
Sample of valid files:
2024-10-26 15:14:59,041 [INFO]   ##.png -> label: '##' (length: 2)
2024-10-26 15:14:59,041 [INFO]   ##_1.png -> label: '##' (length: 2)
2024-10-26 15:14:59,041 [INFO]   ##_10.png -> label: '##' (length: 2)
2024-10-26 15:14:59,041 [INFO]   ##_11.png -> label: '##' (length: 2)
2024-10-26 15:14:59,042 [INFO]   ##_12.png -> label: '##' (length: 2)
2024-10-26 15:14:59,042 [INFO] 
Example of multiple versions of same captcha:
2024-10-26 15:14:59,047 [INFO]   Label '56' appears in files: ['56.png', '56_1.png', '56_10.png', '56_11.png', '56_12.png', '56_13.png', '56_14.png', '56_15.png', '56_16.png', '56_17.png', '56_18.png', '56_19.png', '56_2.png', '56_20.png', '56_21.png', '56_22.png', '56_23.png', '56_24.png', '56_25.png', '56_26.png', '56_27.png', '56_28.png', '56_29.png', '56_3.png', '56_30.png', '56_31.png', '56_32.png', '56_33.png', '56_34.png', '56_35.png', '56_36.png', '56_37.png', '56_38.png', '56_39.png', '56_4.png', '56_40.png', '56_41.png', '56_42.png', '56_43.png', '56_44.png', '56_45.png', '56_46.png', '56_47.png', '56_48.png', '56_49.png', '56_5.png', '56_50.png', '56_51.png', '56_52.png', '56_53.png', '56_54.png', '56_55.png', '56_56.png', '56_57.png', '56_58.png', '56_59.png', '56_6.png', '56_60.png', '56_61.png', '56_62.png', '56_63.png', '56_64.png', '56_65.png', '56_7.png', '56_8.png', '56_9.png']
2024-10-26 15:14:59,052 [INFO]   Label 'w5' appears in files: ['w5.png', 'w5_1.png', 'w5_10.png', 'w5_11.png', 'w5_12.png', 'w5_13.png', 'w5_14.png', 'w5_15.png', 'w5_16.png', 'w5_17.png', 'w5_18.png', 'w5_19.png', 'w5_2.png', 'w5_20.png', 'w5_21.png', 'w5_22.png', 'w5_23.png', 'w5_24.png', 'w5_25.png', 'w5_26.png', 'w5_27.png', 'w5_28.png', 'w5_29.png', 'w5_3.png', 'w5_30.png', 'w5_31.png', 'w5_32.png', 'w5_33.png', 'w5_34.png', 'w5_35.png', 'w5_36.png', 'w5_37.png', 'w5_38.png', 'w5_39.png', 'w5_4.png', 'w5_40.png', 'w5_41.png', 'w5_42.png', 'w5_43.png', 'w5_44.png', 'w5_45.png', 'w5_46.png', 'w5_47.png', 'w5_48.png', 'w5_49.png', 'w5_5.png', 'w5_50.png', 'w5_51.png', 'w5_52.png', 'w5_53.png', 'w5_54.png', 'w5_55.png', 'w5_56.png', 'w5_6.png', 'w5_7.png', 'w5_8.png', 'w5_9.png']
2024-10-26 15:14:59,064 [INFO]   Label 'h3' appears in files: ['h3.png', 'h3_1.png', 'h3_10.png', 'h3_11.png', 'h3_12.png', 'h3_13.png', 'h3_14.png', 'h3_15.png', 'h3_16.png', 'h3_17.png', 'h3_18.png', 'h3_19.png', 'h3_2.png', 'h3_20.png', 'h3_21.png', 'h3_22.png', 'h3_23.png', 'h3_24.png', 'h3_25.png', 'h3_26.png', 'h3_27.png', 'h3_28.png', 'h3_29.png', 'h3_3.png', 'h3_30.png', 'h3_31.png', 'h3_32.png', 'h3_33.png', 'h3_34.png', 'h3_35.png', 'h3_36.png', 'h3_37.png', 'h3_38.png', 'h3_39.png', 'h3_4.png', 'h3_40.png', 'h3_41.png', 'h3_42.png', 'h3_43.png', 'h3_44.png', 'h3_45.png', 'h3_46.png', 'h3_47.png', 'h3_48.png', 'h3_49.png', 'h3_5.png', 'h3_50.png', 'h3_51.png', 'h3_52.png', 'h3_53.png', 'h3_54.png', 'h3_55.png', 'h3_56.png', 'h3_57.png', 'h3_58.png', 'h3_59.png', 'h3_6.png', 'h3_60.png', 'h3_61.png', 'h3_62.png', 'h3_63.png', 'h3_64.png', 'h3_65.png', 'h3_66.png', 'h3_67.png', 'h3_68.png', 'h3_69.png', 'h3_7.png', 'h3_70.png', 'h3_71.png', 'h3_8.png', 'h3_9.png']
2024-10-26 15:14:59,077 [INFO] Loaded symbols: 123456789aBCdeFghjkMnoPQRsTUVwxYZ+%|#][{}\-
2024-10-26 15:14:59,079 [INFO] Number of symbols: 43
2024-10-26 15:14:59,080 [INFO] Character to index mapping:
2024-10-26 15:14:59,081 [INFO] '1' -> 0
2024-10-26 15:14:59,081 [INFO] '2' -> 1
2024-10-26 15:14:59,081 [INFO] '3' -> 2
2024-10-26 15:14:59,082 [INFO] '4' -> 3
2024-10-26 15:14:59,082 [INFO] '5' -> 4
2024-10-26 15:14:59,083 [INFO] '6' -> 5
2024-10-26 15:14:59,083 [INFO] '7' -> 6
2024-10-26 15:14:59,084 [INFO] '8' -> 7
2024-10-26 15:14:59,084 [INFO] '9' -> 8
2024-10-26 15:14:59,084 [INFO] 'a' -> 9
2024-10-26 15:14:59,084 [INFO] 'B' -> 10
2024-10-26 15:14:59,085 [INFO] 'C' -> 11
2024-10-26 15:14:59,085 [INFO] 'd' -> 12
2024-10-26 15:14:59,085 [INFO] 'e' -> 13
2024-10-26 15:14:59,085 [INFO] 'F' -> 14
2024-10-26 15:14:59,086 [INFO] 'g' -> 15
2024-10-26 15:14:59,086 [INFO] 'h' -> 16
2024-10-26 15:14:59,086 [INFO] 'j' -> 17
2024-10-26 15:14:59,087 [INFO] 'k' -> 18
2024-10-26 15:14:59,087 [INFO] 'M' -> 19
2024-10-26 15:14:59,087 [INFO] 'n' -> 20
2024-10-26 15:14:59,088 [INFO] 'o' -> 21
2024-10-26 15:14:59,088 [INFO] 'P' -> 22
2024-10-26 15:14:59,089 [INFO] 'Q' -> 23
2024-10-26 15:14:59,090 [INFO] 'R' -> 24
2024-10-26 15:14:59,092 [INFO] 's' -> 25
2024-10-26 15:14:59,093 [INFO] 'T' -> 26
2024-10-26 15:14:59,094 [INFO] 'U' -> 27
2024-10-26 15:14:59,095 [INFO] 'V' -> 28
2024-10-26 15:14:59,095 [INFO] 'w' -> 29
2024-10-26 15:14:59,096 [INFO] 'x' -> 30
2024-10-26 15:14:59,097 [INFO] 'Y' -> 31
2024-10-26 15:14:59,098 [INFO] 'Z' -> 32
2024-10-26 15:14:59,098 [INFO] '+' -> 33
2024-10-26 15:14:59,099 [INFO] '%' -> 34
2024-10-26 15:14:59,099 [INFO] '|' -> 35
2024-10-26 15:14:59,100 [INFO] '#' -> 36
2024-10-26 15:14:59,101 [INFO] ']' -> 37
2024-10-26 15:14:59,103 [INFO] '[' -> 38
2024-10-26 15:14:59,105 [INFO] '{' -> 39
2024-10-26 15:14:59,106 [INFO] '}' -> 40
2024-10-26 15:14:59,107 [INFO] '\' -> 41
2024-10-26 15:14:59,107 [INFO] '-' -> 42
2024-10-26 15:14:59,166 [INFO] 
==================================================
2024-10-26 15:14:59,167 [INFO] Dataset Analysis for: ./validate2
2024-10-26 15:14:59,168 [INFO] ==================================================
2024-10-26 15:14:59,169 [INFO] Total files found: 4630
2024-10-26 15:14:59,169 [INFO] Valid samples: 4630
2024-10-26 15:14:59,170 [INFO] Unique captchas: 1574
2024-10-26 15:14:59,170 [INFO] Skipped samples: 0
2024-10-26 15:14:59,170 [INFO] 
Captcha Length Distribution:
2024-10-26 15:14:59,171 [INFO] Length 2: 4630 samples (100.0%)
2024-10-26 15:14:59,172 [INFO] 
Sample of valid files:
2024-10-26 15:14:59,173 [INFO]   ##.png -> label: '##' (length: 2)
2024-10-26 15:14:59,174 [INFO]   ##_1.png -> label: '##' (length: 2)
2024-10-26 15:14:59,175 [INFO]   #%.png -> label: '#%' (length: 2)
2024-10-26 15:14:59,176 [INFO]   #%_1.png -> label: '#%' (length: 2)
2024-10-26 15:14:59,176 [INFO]   #%_2.png -> label: '#%' (length: 2)
2024-10-26 15:14:59,177 [INFO] 
Example of multiple versions of same captcha:
2024-10-26 15:14:59,178 [INFO]   Label 'h3' appears in files: ['h3.png', 'h3_1.png', 'h3_2.png']
2024-10-26 15:14:59,179 [INFO]   Label '2j' appears in files: ['2j.png', '2j_1.png', '2j_2.png', '2j_3.png']
2024-10-26 15:14:59,584 [INFO] Model Architecture:
2024-10-26 15:14:59,585 [INFO] CaptchaModel(
  (backbone): Sequential(
    (0): Conv2d(3, 64, kernel_size=(7, 7), stride=(2, 2), padding=(3, 3), bias=False)
    (1): BatchNorm2d(64, eps=1e-05, momentum=0.1, affine=True, track_running_stats=True)
    (2): ReLU(inplace=True)
    (3): MaxPool2d(kernel_size=3, stride=2, padding=1, dilation=1, ceil_mode=False)
    (4): Sequential(
      (0): BasicBlock(
        (conv1): Conv2d(64, 64, kernel_size=(3, 3), stride=(1, 1), padding=(1, 1), bias=False)
        (bn1): BatchNorm2d(64, eps=1e-05, momentum=0.1, affine=True, track_running_stats=True)
        (relu): ReLU(inplace=True)
        (conv2): Conv2d(64, 64, kernel_size=(3, 3), stride=(1, 1), padding=(1, 1), bias=False)
        (bn2): BatchNorm2d(64, eps=1e-05, momentum=0.1, affine=True, track_running_stats=True)
      )
      (1): BasicBlock(
        (conv1): Conv2d(64, 64, kernel_size=(3, 3), stride=(1, 1), padding=(1, 1), bias=False)
        (bn1): BatchNorm2d(64, eps=1e-05, momentum=0.1, affine=True, track_running_stats=True)
        (relu): ReLU(inplace=True)
        (conv2): Conv2d(64, 64, kernel_size=(3, 3), stride=(1, 1), padding=(1, 1), bias=False)
        (bn2): BatchNorm2d(64, eps=1e-05, momentum=0.1, affine=True, track_running_stats=True)
      )
    )
    (5): Sequential(
      (0): BasicBlock(
        (conv1): Conv2d(64, 128, kernel_size=(3, 3), stride=(2, 2), padding=(1, 1), bias=False)
        (bn1): BatchNorm2d(128, eps=1e-05, momentum=0.1, affine=True, track_running_stats=True)
        (relu): ReLU(inplace=True)
        (conv2): Conv2d(128, 128, kernel_size=(3, 3), stride=(1, 1), padding=(1, 1), bias=False)
        (bn2): BatchNorm2d(128, eps=1e-05, momentum=0.1, affine=True, track_running_stats=True)
        (downsample): Sequential(
          (0): Conv2d(64, 128, kernel_size=(1, 1), stride=(2, 2), bias=False)
          (1): BatchNorm2d(128, eps=1e-05, momentum=0.1, affine=True, track_running_stats=True)
        )
      )
      (1): BasicBlock(
        (conv1): Conv2d(128, 128, kernel_size=(3, 3), stride=(1, 1), padding=(1, 1), bias=False)
        (bn1): BatchNorm2d(128, eps=1e-05, momentum=0.1, affine=True, track_running_stats=True)
        (relu): ReLU(inplace=True)
        (conv2): Conv2d(128, 128, kernel_size=(3, 3), stride=(1, 1), padding=(1, 1), bias=False)
        (bn2): BatchNorm2d(128, eps=1e-05, momentum=0.1, affine=True, track_running_stats=True)
      )
    )
    (6): Sequential(
      (0): BasicBlock(
        (conv1): Conv2d(128, 256, kernel_size=(3, 3), stride=(2, 2), padding=(1, 1), bias=False)
        (bn1): BatchNorm2d(256, eps=1e-05, momentum=0.1, affine=True, track_running_stats=True)
        (relu): ReLU(inplace=True)
        (conv2): Conv2d(256, 256, kernel_size=(3, 3), stride=(1, 1), padding=(1, 1), bias=False)
        (bn2): BatchNorm2d(256, eps=1e-05, momentum=0.1, affine=True, track_running_stats=True)
        (downsample): Sequential(
          (0): Conv2d(128, 256, kernel_size=(1, 1), stride=(2, 2), bias=False)
          (1): BatchNorm2d(256, eps=1e-05, momentum=0.1, affine=True, track_running_stats=True)
        )
      )
      (1): BasicBlock(
        (conv1): Conv2d(256, 256, kernel_size=(3, 3), stride=(1, 1), padding=(1, 1), bias=False)
        (bn1): BatchNorm2d(256, eps=1e-05, momentum=0.1, affine=True, track_running_stats=True)
        (relu): ReLU(inplace=True)
        (conv2): Conv2d(256, 256, kernel_size=(3, 3), stride=(1, 1), padding=(1, 1), bias=False)
        (bn2): BatchNorm2d(256, eps=1e-05, momentum=0.1, affine=True, track_running_stats=True)
      )
    )
    (7): Sequential(
      (0): BasicBlock(
        (conv1): Conv2d(256, 512, kernel_size=(3, 3), stride=(2, 2), padding=(1, 1), bias=False)
        (bn1): BatchNorm2d(512, eps=1e-05, momentum=0.1, affine=True, track_running_stats=True)
        (relu): ReLU(inplace=True)
        (conv2): Conv2d(512, 512, kernel_size=(3, 3), stride=(1, 1), padding=(1, 1), bias=False)
        (bn2): BatchNorm2d(512, eps=1e-05, momentum=0.1, affine=True, track_running_stats=True)
        (downsample): Sequential(
          (0): Conv2d(256, 512, kernel_size=(1, 1), stride=(2, 2), bias=False)
          (1): BatchNorm2d(512, eps=1e-05, momentum=0.1, affine=True, track_running_stats=True)
        )
      )
      (1): BasicBlock(
        (conv1): Conv2d(512, 512, kernel_size=(3, 3), stride=(1, 1), padding=(1, 1), bias=False)
        (bn1): BatchNorm2d(512, eps=1e-05, momentum=0.1, affine=True, track_running_stats=True)
        (relu): ReLU(inplace=True)
        (conv2): Conv2d(512, 512, kernel_size=(3, 3), stride=(1, 1), padding=(1, 1), bias=False)
        (bn2): BatchNorm2d(512, eps=1e-05, momentum=0.1, affine=True, track_running_stats=True)
      )
    )
    (8): AdaptiveAvgPool2d(output_size=(1, 1))
  )
  (dropout): Dropout(p=0.5, inplace=False)
  (char_outputs): ModuleList(
    (0-1): 2 x Sequential(
      (0): Linear(in_features=512, out_features=256, bias=True)
      (1): ReLU()
      (2): Dropout(p=0.2, inplace=False)
      (3): Linear(in_features=256, out_features=43, bias=True)
    )
  )
)
2024-10-26 15:14:59,594 [INFO] Total parameters: 11461270
2024-10-26 15:14:59,941 [INFO] Loading checkpoint from captcha_model2_best.pth
2024-10-26 15:15:00,180 [INFO] 
Epoch 14/50
2024-10-26 15:15:00,180 [INFO] Current learning rate: 0.001000
2024-10-26 15:29:46,453 [INFO] Using device: cuda
2024-10-26 15:29:46,453 [INFO] Number of symbols: 43
2024-10-26 15:29:46,454 [INFO] Loaded symbols: 123456789aBCdeFghjkMnoPQRsTUVwxYZ+%|#][{}\-
2024-10-26 15:29:46,454 [INFO] Number of symbols: 43
2024-10-26 15:29:46,454 [INFO] Character to index mapping:
2024-10-26 15:29:46,454 [INFO] '1' -> 0
2024-10-26 15:29:46,454 [INFO] '2' -> 1
2024-10-26 15:29:46,454 [INFO] '3' -> 2
2024-10-26 15:29:46,454 [INFO] '4' -> 3
2024-10-26 15:29:46,455 [INFO] '5' -> 4
2024-10-26 15:29:46,455 [INFO] '6' -> 5
2024-10-26 15:29:46,455 [INFO] '7' -> 6
2024-10-26 15:29:46,455 [INFO] '8' -> 7
2024-10-26 15:29:46,455 [INFO] '9' -> 8
2024-10-26 15:29:46,455 [INFO] 'a' -> 9
2024-10-26 15:29:46,455 [INFO] 'B' -> 10
2024-10-26 15:29:46,455 [INFO] 'C' -> 11
2024-10-26 15:29:46,455 [INFO] 'd' -> 12
2024-10-26 15:29:46,455 [INFO] 'e' -> 13
2024-10-26 15:29:46,455 [INFO] 'F' -> 14
2024-10-26 15:29:46,455 [INFO] 'g' -> 15
2024-10-26 15:29:46,456 [INFO] 'h' -> 16
2024-10-26 15:29:46,456 [INFO] 'j' -> 17
2024-10-26 15:29:46,456 [INFO] 'k' -> 18
2024-10-26 15:29:46,456 [INFO] 'M' -> 19
2024-10-26 15:29:46,456 [INFO] 'n' -> 20
2024-10-26 15:29:46,456 [INFO] 'o' -> 21
2024-10-26 15:29:46,456 [INFO] 'P' -> 22
2024-10-26 15:29:46,456 [INFO] 'Q' -> 23
2024-10-26 15:29:46,456 [INFO] 'R' -> 24
2024-10-26 15:29:46,456 [INFO] 's' -> 25
2024-10-26 15:29:46,456 [INFO] 'T' -> 26
2024-10-26 15:29:46,456 [INFO] 'U' -> 27
2024-10-26 15:29:46,456 [INFO] 'V' -> 28
2024-10-26 15:29:46,457 [INFO] 'w' -> 29
2024-10-26 15:29:46,457 [INFO] 'x' -> 30
2024-10-26 15:29:46,457 [INFO] 'Y' -> 31
2024-10-26 15:29:46,457 [INFO] 'Z' -> 32
2024-10-26 15:29:46,457 [INFO] '+' -> 33
2024-10-26 15:29:46,457 [INFO] '%' -> 34
2024-10-26 15:29:46,457 [INFO] '|' -> 35
2024-10-26 15:29:46,457 [INFO] '#' -> 36
2024-10-26 15:29:46,457 [INFO] ']' -> 37
2024-10-26 15:29:46,457 [INFO] '[' -> 38
2024-10-26 15:29:46,457 [INFO] '{' -> 39
2024-10-26 15:29:46,457 [INFO] '}' -> 40
2024-10-26 15:29:46,458 [INFO] '\' -> 41
2024-10-26 15:29:46,458 [INFO] '-' -> 42
2024-10-26 15:29:46,833 [INFO] 
==================================================
2024-10-26 15:29:46,834 [INFO] Dataset Analysis for: ./train2
2024-10-26 15:29:46,834 [INFO] ==================================================
2024-10-26 15:29:46,834 [INFO] Total files found: 120990
2024-10-26 15:29:46,835 [INFO] Valid samples: 120990
2024-10-26 15:29:46,835 [INFO] Unique captchas: 1681
2024-10-26 15:29:46,835 [INFO] Skipped samples: 0
2024-10-26 15:29:46,835 [INFO] 
Captcha Length Distribution:
2024-10-26 15:29:46,835 [INFO] Length 2: 120990 samples (100.0%)
2024-10-26 15:29:46,835 [INFO] 
Sample of valid files:
2024-10-26 15:29:46,836 [INFO]   ##.png -> label: '##' (length: 2)
2024-10-26 15:29:46,836 [INFO]   ##_1.png -> label: '##' (length: 2)
2024-10-26 15:29:46,836 [INFO]   ##_10.png -> label: '##' (length: 2)
2024-10-26 15:29:46,836 [INFO]   ##_11.png -> label: '##' (length: 2)
2024-10-26 15:29:46,836 [INFO]   ##_12.png -> label: '##' (length: 2)
2024-10-26 15:29:46,836 [INFO] 
Example of multiple versions of same captcha:
2024-10-26 15:29:46,841 [INFO]   Label 'e{' appears in files: ['e{.png', 'e{_1.png', 'e{_10.png', 'e{_11.png', 'e{_12.png', 'e{_13.png', 'e{_14.png', 'e{_15.png', 'e{_16.png', 'e{_17.png', 'e{_18.png', 'e{_19.png', 'e{_2.png', 'e{_20.png', 'e{_21.png', 'e{_22.png', 'e{_23.png', 'e{_24.png', 'e{_25.png', 'e{_26.png', 'e{_27.png', 'e{_28.png', 'e{_29.png', 'e{_3.png', 'e{_30.png', 'e{_31.png', 'e{_32.png', 'e{_33.png', 'e{_34.png', 'e{_35.png', 'e{_36.png', 'e{_37.png', 'e{_38.png', 'e{_39.png', 'e{_4.png', 'e{_40.png', 'e{_41.png', 'e{_42.png', 'e{_43.png', 'e{_44.png', 'e{_45.png', 'e{_46.png', 'e{_47.png', 'e{_48.png', 'e{_49.png', 'e{_5.png', 'e{_50.png', 'e{_51.png', 'e{_52.png', 'e{_53.png', 'e{_54.png', 'e{_55.png', 'e{_56.png', 'e{_57.png', 'e{_58.png', 'e{_59.png', 'e{_6.png', 'e{_60.png', 'e{_61.png', 'e{_62.png', 'e{_63.png', 'e{_64.png', 'e{_65.png', 'e{_66.png', 'e{_67.png', 'e{_68.png', 'e{_69.png', 'e{_7.png', 'e{_70.png', 'e{_71.png', 'e{_72.png', 'e{_73.png', 'e{_8.png', 'e{_9.png']
2024-10-26 15:29:46,845 [INFO]   Label '4M' appears in files: ['4M.png', '4M_1.png', '4M_10.png', '4M_11.png', '4M_12.png', '4M_13.png', '4M_14.png', '4M_15.png', '4M_16.png', '4M_17.png', '4M_18.png', '4M_19.png', '4M_2.png', '4M_20.png', '4M_21.png', '4M_22.png', '4M_23.png', '4M_24.png', '4M_25.png', '4M_26.png', '4M_27.png', '4M_28.png', '4M_29.png', '4M_3.png', '4M_30.png', '4M_31.png', '4M_32.png', '4M_33.png', '4M_34.png', '4M_35.png', '4M_36.png', '4M_37.png', '4M_38.png', '4M_39.png', '4M_4.png', '4M_40.png', '4M_41.png', '4M_42.png', '4M_43.png', '4M_44.png', '4M_45.png', '4M_46.png', '4M_47.png', '4M_48.png', '4M_49.png', '4M_5.png', '4M_50.png', '4M_51.png', '4M_52.png', '4M_53.png', '4M_54.png', '4M_55.png', '4M_56.png', '4M_57.png', '4M_58.png', '4M_59.png', '4M_6.png', '4M_60.png', '4M_61.png', '4M_62.png', '4M_63.png', '4M_64.png', '4M_65.png', '4M_66.png', '4M_67.png', '4M_68.png', '4M_69.png', '4M_7.png', '4M_8.png', '4M_9.png']
2024-10-26 15:29:46,848 [INFO]   Label 'Tx' appears in files: ['Tx.png', 'Tx_1.png', 'Tx_10.png', 'Tx_11.png', 'Tx_12.png', 'Tx_13.png', 'Tx_14.png', 'Tx_15.png', 'Tx_16.png', 'Tx_17.png', 'Tx_18.png', 'Tx_19.png', 'Tx_2.png', 'Tx_20.png', 'Tx_21.png', 'Tx_22.png', 'Tx_23.png', 'Tx_24.png', 'Tx_25.png', 'Tx_26.png', 'Tx_27.png', 'Tx_28.png', 'Tx_29.png', 'Tx_3.png', 'Tx_30.png', 'Tx_31.png', 'Tx_32.png', 'Tx_33.png', 'Tx_34.png', 'Tx_35.png', 'Tx_36.png', 'Tx_37.png', 'Tx_38.png', 'Tx_39.png', 'Tx_4.png', 'Tx_40.png', 'Tx_41.png', 'Tx_42.png', 'Tx_43.png', 'Tx_44.png', 'Tx_45.png', 'Tx_46.png', 'Tx_47.png', 'Tx_48.png', 'Tx_49.png', 'Tx_5.png', 'Tx_50.png', 'Tx_51.png', 'Tx_52.png', 'Tx_53.png', 'Tx_54.png', 'Tx_55.png', 'Tx_56.png', 'Tx_57.png', 'Tx_58.png', 'Tx_59.png', 'Tx_6.png', 'Tx_60.png', 'Tx_61.png', 'Tx_62.png', 'Tx_63.png', 'Tx_64.png', 'Tx_65.png', 'Tx_66.png', 'Tx_67.png', 'Tx_68.png', 'Tx_69.png', 'Tx_7.png', 'Tx_70.png', 'Tx_71.png', 'Tx_72.png', 'Tx_73.png', 'Tx_74.png', 'Tx_75.png', 'Tx_8.png', 'Tx_9.png']
2024-10-26 15:29:46,852 [INFO] Loaded symbols: 123456789aBCdeFghjkMnoPQRsTUVwxYZ+%|#][{}\-
2024-10-26 15:29:46,852 [INFO] Number of symbols: 43
2024-10-26 15:29:46,853 [INFO] Character to index mapping:
2024-10-26 15:29:46,853 [INFO] '1' -> 0
2024-10-26 15:29:46,853 [INFO] '2' -> 1
2024-10-26 15:29:46,853 [INFO] '3' -> 2
2024-10-26 15:29:46,853 [INFO] '4' -> 3
2024-10-26 15:29:46,853 [INFO] '5' -> 4
2024-10-26 15:29:46,853 [INFO] '6' -> 5
2024-10-26 15:29:46,853 [INFO] '7' -> 6
2024-10-26 15:29:46,853 [INFO] '8' -> 7
2024-10-26 15:29:46,853 [INFO] '9' -> 8
2024-10-26 15:29:46,854 [INFO] 'a' -> 9
2024-10-26 15:29:46,854 [INFO] 'B' -> 10
2024-10-26 15:29:46,854 [INFO] 'C' -> 11
2024-10-26 15:29:46,854 [INFO] 'd' -> 12
2024-10-26 15:29:46,855 [INFO] 'e' -> 13
2024-10-26 15:29:46,855 [INFO] 'F' -> 14
2024-10-26 15:29:46,855 [INFO] 'g' -> 15
2024-10-26 15:29:46,855 [INFO] 'h' -> 16
2024-10-26 15:29:46,855 [INFO] 'j' -> 17
2024-10-26 15:29:46,855 [INFO] 'k' -> 18
2024-10-26 15:29:46,856 [INFO] 'M' -> 19
2024-10-26 15:29:46,856 [INFO] 'n' -> 20
2024-10-26 15:29:46,856 [INFO] 'o' -> 21
2024-10-26 15:29:46,856 [INFO] 'P' -> 22
2024-10-26 15:29:46,856 [INFO] 'Q' -> 23
2024-10-26 15:29:46,857 [INFO] 'R' -> 24
2024-10-26 15:29:46,857 [INFO] 's' -> 25
2024-10-26 15:29:46,857 [INFO] 'T' -> 26
2024-10-26 15:29:46,857 [INFO] 'U' -> 27
2024-10-26 15:29:46,857 [INFO] 'V' -> 28
2024-10-26 15:29:46,857 [INFO] 'w' -> 29
2024-10-26 15:29:46,857 [INFO] 'x' -> 30
2024-10-26 15:29:46,858 [INFO] 'Y' -> 31
2024-10-26 15:29:46,858 [INFO] 'Z' -> 32
2024-10-26 15:29:46,858 [INFO] '+' -> 33
2024-10-26 15:29:46,858 [INFO] '%' -> 34
2024-10-26 15:29:46,858 [INFO] '|' -> 35
2024-10-26 15:29:46,858 [INFO] '#' -> 36
2024-10-26 15:29:46,858 [INFO] ']' -> 37
2024-10-26 15:29:46,858 [INFO] '[' -> 38
2024-10-26 15:29:46,858 [INFO] '{' -> 39
2024-10-26 15:29:46,858 [INFO] '}' -> 40
2024-10-26 15:29:46,859 [INFO] '\' -> 41
2024-10-26 15:29:46,859 [INFO] '-' -> 42
2024-10-26 15:29:46,874 [INFO] 
==================================================
2024-10-26 15:29:46,875 [INFO] Dataset Analysis for: ./validate2
2024-10-26 15:29:46,875 [INFO] ==================================================
2024-10-26 15:29:46,876 [INFO] Total files found: 4630
2024-10-26 15:29:46,876 [INFO] Valid samples: 4630
2024-10-26 15:29:46,876 [INFO] Unique captchas: 1574
2024-10-26 15:29:46,876 [INFO] Skipped samples: 0
2024-10-26 15:29:46,876 [INFO] 
Captcha Length Distribution:
2024-10-26 15:29:46,876 [INFO] Length 2: 4630 samples (100.0%)
2024-10-26 15:29:46,877 [INFO] 
Sample of valid files:
2024-10-26 15:29:46,877 [INFO]   ##.png -> label: '##' (length: 2)
2024-10-26 15:29:46,877 [INFO]   ##_1.png -> label: '##' (length: 2)
2024-10-26 15:29:46,877 [INFO]   #%.png -> label: '#%' (length: 2)
2024-10-26 15:29:46,878 [INFO]   #%_1.png -> label: '#%' (length: 2)
2024-10-26 15:29:46,878 [INFO]   #%_2.png -> label: '#%' (length: 2)
2024-10-26 15:29:46,878 [INFO] 
Example of multiple versions of same captcha:
2024-10-26 15:29:46,879 [INFO]   Label 'e{' appears in files: ['e{.png', 'e{_1.png', 'e{_2.png']
2024-10-26 15:29:46,880 [INFO]   Label '4M' appears in files: ['4M.png', '4M_1.png', '4M_2.png']
2024-10-26 15:29:46,880 [INFO]   Label 'Tx' appears in files: ['Tx.png', 'Tx_1.png']
2024-10-26 15:29:46,964 [INFO] Model Architecture:
2024-10-26 15:29:46,965 [INFO] CaptchaModel(
  (backbone): Sequential(
    (0): Conv2d(3, 64, kernel_size=(7, 7), stride=(2, 2), padding=(3, 3), bias=False)
    (1): BatchNorm2d(64, eps=1e-05, momentum=0.1, affine=True, track_running_stats=True)
    (2): ReLU(inplace=True)
    (3): MaxPool2d(kernel_size=3, stride=2, padding=1, dilation=1, ceil_mode=False)
    (4): Sequential(
      (0): BasicBlock(
        (conv1): Conv2d(64, 64, kernel_size=(3, 3), stride=(1, 1), padding=(1, 1), bias=False)
        (bn1): BatchNorm2d(64, eps=1e-05, momentum=0.1, affine=True, track_running_stats=True)
        (relu): ReLU(inplace=True)
        (conv2): Conv2d(64, 64, kernel_size=(3, 3), stride=(1, 1), padding=(1, 1), bias=False)
        (bn2): BatchNorm2d(64, eps=1e-05, momentum=0.1, affine=True, track_running_stats=True)
      )
      (1): BasicBlock(
        (conv1): Conv2d(64, 64, kernel_size=(3, 3), stride=(1, 1), padding=(1, 1), bias=False)
        (bn1): BatchNorm2d(64, eps=1e-05, momentum=0.1, affine=True, track_running_stats=True)
        (relu): ReLU(inplace=True)
        (conv2): Conv2d(64, 64, kernel_size=(3, 3), stride=(1, 1), padding=(1, 1), bias=False)
        (bn2): BatchNorm2d(64, eps=1e-05, momentum=0.1, affine=True, track_running_stats=True)
      )
    )
    (5): Sequential(
      (0): BasicBlock(
        (conv1): Conv2d(64, 128, kernel_size=(3, 3), stride=(2, 2), padding=(1, 1), bias=False)
        (bn1): BatchNorm2d(128, eps=1e-05, momentum=0.1, affine=True, track_running_stats=True)
        (relu): ReLU(inplace=True)
        (conv2): Conv2d(128, 128, kernel_size=(3, 3), stride=(1, 1), padding=(1, 1), bias=False)
        (bn2): BatchNorm2d(128, eps=1e-05, momentum=0.1, affine=True, track_running_stats=True)
        (downsample): Sequential(
          (0): Conv2d(64, 128, kernel_size=(1, 1), stride=(2, 2), bias=False)
          (1): BatchNorm2d(128, eps=1e-05, momentum=0.1, affine=True, track_running_stats=True)
        )
      )
      (1): BasicBlock(
        (conv1): Conv2d(128, 128, kernel_size=(3, 3), stride=(1, 1), padding=(1, 1), bias=False)
        (bn1): BatchNorm2d(128, eps=1e-05, momentum=0.1, affine=True, track_running_stats=True)
        (relu): ReLU(inplace=True)
        (conv2): Conv2d(128, 128, kernel_size=(3, 3), stride=(1, 1), padding=(1, 1), bias=False)
        (bn2): BatchNorm2d(128, eps=1e-05, momentum=0.1, affine=True, track_running_stats=True)
      )
    )
    (6): Sequential(
      (0): BasicBlock(
        (conv1): Conv2d(128, 256, kernel_size=(3, 3), stride=(2, 2), padding=(1, 1), bias=False)
        (bn1): BatchNorm2d(256, eps=1e-05, momentum=0.1, affine=True, track_running_stats=True)
        (relu): ReLU(inplace=True)
        (conv2): Conv2d(256, 256, kernel_size=(3, 3), stride=(1, 1), padding=(1, 1), bias=False)
        (bn2): BatchNorm2d(256, eps=1e-05, momentum=0.1, affine=True, track_running_stats=True)
        (downsample): Sequential(
          (0): Conv2d(128, 256, kernel_size=(1, 1), stride=(2, 2), bias=False)
          (1): BatchNorm2d(256, eps=1e-05, momentum=0.1, affine=True, track_running_stats=True)
        )
      )
      (1): BasicBlock(
        (conv1): Conv2d(256, 256, kernel_size=(3, 3), stride=(1, 1), padding=(1, 1), bias=False)
        (bn1): BatchNorm2d(256, eps=1e-05, momentum=0.1, affine=True, track_running_stats=True)
        (relu): ReLU(inplace=True)
        (conv2): Conv2d(256, 256, kernel_size=(3, 3), stride=(1, 1), padding=(1, 1), bias=False)
        (bn2): BatchNorm2d(256, eps=1e-05, momentum=0.1, affine=True, track_running_stats=True)
      )
    )
    (7): Sequential(
      (0): BasicBlock(
        (conv1): Conv2d(256, 512, kernel_size=(3, 3), stride=(2, 2), padding=(1, 1), bias=False)
        (bn1): BatchNorm2d(512, eps=1e-05, momentum=0.1, affine=True, track_running_stats=True)
        (relu): ReLU(inplace=True)
        (conv2): Conv2d(512, 512, kernel_size=(3, 3), stride=(1, 1), padding=(1, 1), bias=False)
        (bn2): BatchNorm2d(512, eps=1e-05, momentum=0.1, affine=True, track_running_stats=True)
        (downsample): Sequential(
          (0): Conv2d(256, 512, kernel_size=(1, 1), stride=(2, 2), bias=False)
          (1): BatchNorm2d(512, eps=1e-05, momentum=0.1, affine=True, track_running_stats=True)
        )
      )
      (1): BasicBlock(
        (conv1): Conv2d(512, 512, kernel_size=(3, 3), stride=(1, 1), padding=(1, 1), bias=False)
        (bn1): BatchNorm2d(512, eps=1e-05, momentum=0.1, affine=True, track_running_stats=True)
        (relu): ReLU(inplace=True)
        (conv2): Conv2d(512, 512, kernel_size=(3, 3), stride=(1, 1), padding=(1, 1), bias=False)
        (bn2): BatchNorm2d(512, eps=1e-05, momentum=0.1, affine=True, track_running_stats=True)
      )
    )
    (8): AdaptiveAvgPool2d(output_size=(1, 1))
  )
  (dropout): Dropout(p=0.5, inplace=False)
  (char_outputs): ModuleList(
    (0-1): 2 x Sequential(
      (0): Linear(in_features=512, out_features=256, bias=True)
      (1): ReLU()
      (2): Dropout(p=0.2, inplace=False)
      (3): Linear(in_features=256, out_features=43, bias=True)
    )
  )
)
2024-10-26 15:29:46,969 [INFO] Total parameters: 11461270
2024-10-26 15:29:47,159 [INFO] Loading checkpoint from captcha_model2_best.pth
2024-10-26 15:29:47,298 [INFO] 
Epoch 14/25
2024-10-26 15:29:47,298 [INFO] Current learning rate: 0.001000
2024-10-26 15:36:38,781 [INFO] 
Epoch 15/25
2024-10-26 15:36:38,782 [INFO] Current learning rate: 0.000905
2024-10-26 15:42:49,970 [INFO] 
Epoch 16/25
2024-10-26 15:42:49,970 [INFO] Current learning rate: 0.000655
2024-10-26 15:48:59,482 [INFO] 
Epoch 17/25
2024-10-26 15:48:59,482 [INFO] Current learning rate: 0.000346
2024-10-26 15:55:09,214 [INFO] 
Epoch 18/25
2024-10-26 15:55:09,215 [INFO] Current learning rate: 0.000096
2024-10-26 16:01:08,006 [INFO] New best model saved with accuracy: 99.64%
2024-10-26 16:01:08,008 [INFO] 
Epoch 19/25
2024-10-26 16:01:08,009 [INFO] Current learning rate: 0.001000
2024-10-27 05:52:02,165 [INFO] Using device: cuda
2024-10-27 05:52:02,173 [INFO] Number of symbols: 43
2024-10-27 05:52:02,174 [INFO] Loaded symbols: 123456789aBCdeFghjkMnoPQRsTUVwxYZ+%|#][{}\-
2024-10-27 05:52:02,174 [INFO] Number of symbols: 43
2024-10-27 05:52:02,174 [INFO] Character to index mapping:
2024-10-27 05:52:02,174 [INFO] '1' -> 0
2024-10-27 05:52:02,174 [INFO] '2' -> 1
2024-10-27 05:52:02,174 [INFO] '3' -> 2
2024-10-27 05:52:02,174 [INFO] '4' -> 3
2024-10-27 05:52:02,174 [INFO] '5' -> 4
2024-10-27 05:52:02,174 [INFO] '6' -> 5
2024-10-27 05:52:02,174 [INFO] '7' -> 6
2024-10-27 05:52:02,174 [INFO] '8' -> 7
2024-10-27 05:52:02,174 [INFO] '9' -> 8
2024-10-27 05:52:02,175 [INFO] 'a' -> 9
2024-10-27 05:52:02,175 [INFO] 'B' -> 10
2024-10-27 05:52:02,175 [INFO] 'C' -> 11
2024-10-27 05:52:02,175 [INFO] 'd' -> 12
2024-10-27 05:52:02,175 [INFO] 'e' -> 13
2024-10-27 05:52:02,176 [INFO] 'F' -> 14
2024-10-27 05:52:02,176 [INFO] 'g' -> 15
2024-10-27 05:52:02,176 [INFO] 'h' -> 16
2024-10-27 05:52:02,176 [INFO] 'j' -> 17
2024-10-27 05:52:02,176 [INFO] 'k' -> 18
2024-10-27 05:52:02,176 [INFO] 'M' -> 19
2024-10-27 05:52:02,176 [INFO] 'n' -> 20
2024-10-27 05:52:02,176 [INFO] 'o' -> 21
2024-10-27 05:52:02,176 [INFO] 'P' -> 22
2024-10-27 05:52:02,176 [INFO] 'Q' -> 23
2024-10-27 05:52:02,177 [INFO] 'R' -> 24
2024-10-27 05:52:02,177 [INFO] 's' -> 25
2024-10-27 05:52:02,177 [INFO] 'T' -> 26
2024-10-27 05:52:02,177 [INFO] 'U' -> 27
2024-10-27 05:52:02,177 [INFO] 'V' -> 28
2024-10-27 05:52:02,177 [INFO] 'w' -> 29
2024-10-27 05:52:02,177 [INFO] 'x' -> 30
2024-10-27 05:52:02,177 [INFO] 'Y' -> 31
2024-10-27 05:52:02,177 [INFO] 'Z' -> 32
2024-10-27 05:52:02,177 [INFO] '+' -> 33
2024-10-27 05:52:02,177 [INFO] '%' -> 34
2024-10-27 05:52:02,177 [INFO] '|' -> 35
2024-10-27 05:52:02,177 [INFO] '#' -> 36
2024-10-27 05:52:02,177 [INFO] ']' -> 37
2024-10-27 05:52:02,177 [INFO] '[' -> 38
2024-10-27 05:52:02,177 [INFO] '{' -> 39
2024-10-27 05:52:02,177 [INFO] '}' -> 40
2024-10-27 05:52:02,177 [INFO] '\' -> 41
2024-10-27 05:52:02,177 [INFO] '-' -> 42
2024-10-27 05:52:02,542 [INFO] 
==================================================
2024-10-27 05:52:02,543 [INFO] Dataset Analysis for: ./train2
2024-10-27 05:52:02,543 [INFO] ==================================================
2024-10-27 05:52:02,543 [INFO] Total files found: 120990
2024-10-27 05:52:02,544 [INFO] Valid samples: 120990
2024-10-27 05:52:02,544 [INFO] Unique captchas: 1681
2024-10-27 05:52:02,544 [INFO] Skipped samples: 0
2024-10-27 05:52:02,544 [INFO] 
Captcha Length Distribution:
2024-10-27 05:52:02,544 [INFO] Length 2: 120990 samples (100.0%)
2024-10-27 05:52:02,545 [INFO] 
Sample of valid files:
2024-10-27 05:52:02,545 [INFO]   ##.png -> label: '##' (length: 2)
2024-10-27 05:52:02,545 [INFO]   ##_1.png -> label: '##' (length: 2)
2024-10-27 05:52:02,545 [INFO]   ##_10.png -> label: '##' (length: 2)
2024-10-27 05:52:02,545 [INFO]   ##_11.png -> label: '##' (length: 2)
2024-10-27 05:52:02,545 [INFO]   ##_12.png -> label: '##' (length: 2)
2024-10-27 05:52:02,545 [INFO] 
Example of multiple versions of same captcha:
2024-10-27 05:52:02,549 [INFO]   Label '2g' appears in files: ['2g.png', '2g_1.png', '2g_10.png', '2g_11.png', '2g_12.png', '2g_13.png', '2g_14.png', '2g_15.png', '2g_16.png', '2g_17.png', '2g_18.png', '2g_19.png', '2g_2.png', '2g_20.png', '2g_21.png', '2g_22.png', '2g_23.png', '2g_24.png', '2g_25.png', '2g_26.png', '2g_27.png', '2g_28.png', '2g_29.png', '2g_3.png', '2g_30.png', '2g_31.png', '2g_32.png', '2g_33.png', '2g_34.png', '2g_35.png', '2g_36.png', '2g_37.png', '2g_38.png', '2g_39.png', '2g_4.png', '2g_40.png', '2g_41.png', '2g_42.png', '2g_43.png', '2g_44.png', '2g_45.png', '2g_46.png', '2g_47.png', '2g_48.png', '2g_49.png', '2g_5.png', '2g_50.png', '2g_51.png', '2g_52.png', '2g_53.png', '2g_54.png', '2g_55.png', '2g_56.png', '2g_57.png', '2g_58.png', '2g_59.png', '2g_6.png', '2g_60.png', '2g_61.png', '2g_62.png', '2g_63.png', '2g_64.png', '2g_65.png', '2g_66.png', '2g_67.png', '2g_68.png', '2g_69.png', '2g_7.png', '2g_70.png', '2g_71.png', '2g_8.png', '2g_9.png']
2024-10-27 05:52:02,554 [INFO]   Label 'F5' appears in files: ['F5.png', 'F5_1.png', 'F5_10.png', 'F5_11.png', 'F5_12.png', 'F5_13.png', 'F5_14.png', 'F5_15.png', 'F5_16.png', 'F5_17.png', 'F5_18.png', 'F5_19.png', 'F5_2.png', 'F5_20.png', 'F5_21.png', 'F5_22.png', 'F5_23.png', 'F5_24.png', 'F5_25.png', 'F5_26.png', 'F5_27.png', 'F5_28.png', 'F5_29.png', 'F5_3.png', 'F5_30.png', 'F5_31.png', 'F5_32.png', 'F5_33.png', 'F5_34.png', 'F5_35.png', 'F5_36.png', 'F5_37.png', 'F5_38.png', 'F5_39.png', 'F5_4.png', 'F5_40.png', 'F5_41.png', 'F5_42.png', 'F5_43.png', 'F5_44.png', 'F5_45.png', 'F5_46.png', 'F5_47.png', 'F5_48.png', 'F5_49.png', 'F5_5.png', 'F5_50.png', 'F5_51.png', 'F5_52.png', 'F5_53.png', 'F5_54.png', 'F5_55.png', 'F5_56.png', 'F5_57.png', 'F5_58.png', 'F5_59.png', 'F5_6.png', 'F5_60.png', 'F5_61.png', 'F5_62.png', 'F5_63.png', 'F5_64.png', 'F5_65.png', 'F5_66.png', 'F5_67.png', 'F5_68.png', 'F5_69.png', 'F5_7.png', 'F5_70.png', 'F5_71.png', 'F5_72.png', 'F5_73.png', 'F5_74.png', 'F5_8.png', 'F5_9.png']
2024-10-27 05:52:02,559 [INFO]   Label '{2' appears in files: ['{2.png', '{2_1.png', '{2_10.png', '{2_11.png', '{2_12.png', '{2_13.png', '{2_14.png', '{2_15.png', '{2_16.png', '{2_17.png', '{2_18.png', '{2_19.png', '{2_2.png', '{2_20.png', '{2_21.png', '{2_22.png', '{2_23.png', '{2_24.png', '{2_25.png', '{2_26.png', '{2_27.png', '{2_28.png', '{2_29.png', '{2_3.png', '{2_30.png', '{2_31.png', '{2_32.png', '{2_33.png', '{2_34.png', '{2_35.png', '{2_36.png', '{2_37.png', '{2_38.png', '{2_39.png', '{2_4.png', '{2_40.png', '{2_41.png', '{2_42.png', '{2_43.png', '{2_44.png', '{2_45.png', '{2_46.png', '{2_47.png', '{2_48.png', '{2_49.png', '{2_5.png', '{2_50.png', '{2_51.png', '{2_52.png', '{2_53.png', '{2_54.png', '{2_55.png', '{2_56.png', '{2_57.png', '{2_58.png', '{2_59.png', '{2_6.png', '{2_60.png', '{2_61.png', '{2_62.png', '{2_63.png', '{2_64.png', '{2_65.png', '{2_66.png', '{2_67.png', '{2_7.png', '{2_8.png', '{2_9.png']
2024-10-27 05:52:02,562 [INFO] Loaded symbols: 123456789aBCdeFghjkMnoPQRsTUVwxYZ+%|#][{}\-
2024-10-27 05:52:02,562 [INFO] Number of symbols: 43
2024-10-27 05:52:02,562 [INFO] Character to index mapping:
2024-10-27 05:52:02,563 [INFO] '1' -> 0
2024-10-27 05:52:02,563 [INFO] '2' -> 1
2024-10-27 05:52:02,563 [INFO] '3' -> 2
2024-10-27 05:52:02,563 [INFO] '4' -> 3
2024-10-27 05:52:02,564 [INFO] '5' -> 4
2024-10-27 05:52:02,564 [INFO] '6' -> 5
2024-10-27 05:52:02,565 [INFO] '7' -> 6
2024-10-27 05:52:02,565 [INFO] '8' -> 7
2024-10-27 05:52:02,565 [INFO] '9' -> 8
2024-10-27 05:52:02,565 [INFO] 'a' -> 9
2024-10-27 05:52:02,566 [INFO] 'B' -> 10
2024-10-27 05:52:02,566 [INFO] 'C' -> 11
2024-10-27 05:52:02,567 [INFO] 'd' -> 12
2024-10-27 05:52:02,567 [INFO] 'e' -> 13
2024-10-27 05:52:02,567 [INFO] 'F' -> 14
2024-10-27 05:52:02,567 [INFO] 'g' -> 15
2024-10-27 05:52:02,567 [INFO] 'h' -> 16
2024-10-27 05:52:02,568 [INFO] 'j' -> 17
2024-10-27 05:52:02,568 [INFO] 'k' -> 18
2024-10-27 05:52:02,568 [INFO] 'M' -> 19
2024-10-27 05:52:02,568 [INFO] 'n' -> 20
2024-10-27 05:52:02,569 [INFO] 'o' -> 21
2024-10-27 05:52:02,569 [INFO] 'P' -> 22
2024-10-27 05:52:02,569 [INFO] 'Q' -> 23
2024-10-27 05:52:02,569 [INFO] 'R' -> 24
2024-10-27 05:52:02,569 [INFO] 's' -> 25
2024-10-27 05:52:02,571 [INFO] 'T' -> 26
2024-10-27 05:52:02,571 [INFO] 'U' -> 27
2024-10-27 05:52:02,572 [INFO] 'V' -> 28
2024-10-27 05:52:02,572 [INFO] 'w' -> 29
2024-10-27 05:52:02,572 [INFO] 'x' -> 30
2024-10-27 05:52:02,572 [INFO] 'Y' -> 31
2024-10-27 05:52:02,572 [INFO] 'Z' -> 32
2024-10-27 05:52:02,573 [INFO] '+' -> 33
2024-10-27 05:52:02,573 [INFO] '%' -> 34
2024-10-27 05:52:02,573 [INFO] '|' -> 35
2024-10-27 05:52:02,573 [INFO] '#' -> 36
2024-10-27 05:52:02,573 [INFO] ']' -> 37
2024-10-27 05:52:02,573 [INFO] '[' -> 38
2024-10-27 05:52:02,573 [INFO] '{' -> 39
2024-10-27 05:52:02,574 [INFO] '}' -> 40
2024-10-27 05:52:02,574 [INFO] '\' -> 41
2024-10-27 05:52:02,574 [INFO] '-' -> 42
2024-10-27 05:52:02,589 [INFO] 
==================================================
2024-10-27 05:52:02,589 [INFO] Dataset Analysis for: ./validate2
2024-10-27 05:52:02,590 [INFO] ==================================================
2024-10-27 05:52:02,590 [INFO] Total files found: 4630
2024-10-27 05:52:02,590 [INFO] Valid samples: 4630
2024-10-27 05:52:02,590 [INFO] Unique captchas: 1574
2024-10-27 05:52:02,590 [INFO] Skipped samples: 0
2024-10-27 05:52:02,590 [INFO] 
Captcha Length Distribution:
2024-10-27 05:52:02,590 [INFO] Length 2: 4630 samples (100.0%)
2024-10-27 05:52:02,590 [INFO] 
Sample of valid files:
2024-10-27 05:52:02,590 [INFO]   ##.png -> label: '##' (length: 2)
2024-10-27 05:52:02,591 [INFO]   ##_1.png -> label: '##' (length: 2)
2024-10-27 05:52:02,591 [INFO]   #%.png -> label: '#%' (length: 2)
2024-10-27 05:52:02,591 [INFO]   #%_1.png -> label: '#%' (length: 2)
2024-10-27 05:52:02,591 [INFO]   #%_2.png -> label: '#%' (length: 2)
2024-10-27 05:52:02,591 [INFO] 
Example of multiple versions of same captcha:
2024-10-27 05:52:02,591 [INFO]   Label '2g' appears in files: ['2g.png', '2g_1.png', '2g_2.png']
2024-10-27 05:52:02,592 [INFO]   Label 'F5' appears in files: ['F5.png', 'F5_1.png', 'F5_2.png']
2024-10-27 05:52:02,674 [INFO] Model Architecture:
2024-10-27 05:52:02,675 [INFO] CaptchaModel(
  (backbone): Sequential(
    (0): Conv2d(3, 64, kernel_size=(7, 7), stride=(2, 2), padding=(3, 3), bias=False)
    (1): BatchNorm2d(64, eps=1e-05, momentum=0.1, affine=True, track_running_stats=True)
    (2): ReLU(inplace=True)
    (3): MaxPool2d(kernel_size=3, stride=2, padding=1, dilation=1, ceil_mode=False)
    (4): Sequential(
      (0): BasicBlock(
        (conv1): Conv2d(64, 64, kernel_size=(3, 3), stride=(1, 1), padding=(1, 1), bias=False)
        (bn1): BatchNorm2d(64, eps=1e-05, momentum=0.1, affine=True, track_running_stats=True)
        (relu): ReLU(inplace=True)
        (conv2): Conv2d(64, 64, kernel_size=(3, 3), stride=(1, 1), padding=(1, 1), bias=False)
        (bn2): BatchNorm2d(64, eps=1e-05, momentum=0.1, affine=True, track_running_stats=True)
      )
      (1): BasicBlock(
        (conv1): Conv2d(64, 64, kernel_size=(3, 3), stride=(1, 1), padding=(1, 1), bias=False)
        (bn1): BatchNorm2d(64, eps=1e-05, momentum=0.1, affine=True, track_running_stats=True)
        (relu): ReLU(inplace=True)
        (conv2): Conv2d(64, 64, kernel_size=(3, 3), stride=(1, 1), padding=(1, 1), bias=False)
        (bn2): BatchNorm2d(64, eps=1e-05, momentum=0.1, affine=True, track_running_stats=True)
      )
    )
    (5): Sequential(
      (0): BasicBlock(
        (conv1): Conv2d(64, 128, kernel_size=(3, 3), stride=(2, 2), padding=(1, 1), bias=False)
        (bn1): BatchNorm2d(128, eps=1e-05, momentum=0.1, affine=True, track_running_stats=True)
        (relu): ReLU(inplace=True)
        (conv2): Conv2d(128, 128, kernel_size=(3, 3), stride=(1, 1), padding=(1, 1), bias=False)
        (bn2): BatchNorm2d(128, eps=1e-05, momentum=0.1, affine=True, track_running_stats=True)
        (downsample): Sequential(
          (0): Conv2d(64, 128, kernel_size=(1, 1), stride=(2, 2), bias=False)
          (1): BatchNorm2d(128, eps=1e-05, momentum=0.1, affine=True, track_running_stats=True)
        )
      )
      (1): BasicBlock(
        (conv1): Conv2d(128, 128, kernel_size=(3, 3), stride=(1, 1), padding=(1, 1), bias=False)
        (bn1): BatchNorm2d(128, eps=1e-05, momentum=0.1, affine=True, track_running_stats=True)
        (relu): ReLU(inplace=True)
        (conv2): Conv2d(128, 128, kernel_size=(3, 3), stride=(1, 1), padding=(1, 1), bias=False)
        (bn2): BatchNorm2d(128, eps=1e-05, momentum=0.1, affine=True, track_running_stats=True)
      )
    )
    (6): Sequential(
      (0): BasicBlock(
        (conv1): Conv2d(128, 256, kernel_size=(3, 3), stride=(2, 2), padding=(1, 1), bias=False)
        (bn1): BatchNorm2d(256, eps=1e-05, momentum=0.1, affine=True, track_running_stats=True)
        (relu): ReLU(inplace=True)
        (conv2): Conv2d(256, 256, kernel_size=(3, 3), stride=(1, 1), padding=(1, 1), bias=False)
        (bn2): BatchNorm2d(256, eps=1e-05, momentum=0.1, affine=True, track_running_stats=True)
        (downsample): Sequential(
          (0): Conv2d(128, 256, kernel_size=(1, 1), stride=(2, 2), bias=False)
          (1): BatchNorm2d(256, eps=1e-05, momentum=0.1, affine=True, track_running_stats=True)
        )
      )
      (1): BasicBlock(
        (conv1): Conv2d(256, 256, kernel_size=(3, 3), stride=(1, 1), padding=(1, 1), bias=False)
        (bn1): BatchNorm2d(256, eps=1e-05, momentum=0.1, affine=True, track_running_stats=True)
        (relu): ReLU(inplace=True)
        (conv2): Conv2d(256, 256, kernel_size=(3, 3), stride=(1, 1), padding=(1, 1), bias=False)
        (bn2): BatchNorm2d(256, eps=1e-05, momentum=0.1, affine=True, track_running_stats=True)
      )
    )
    (7): Sequential(
      (0): BasicBlock(
        (conv1): Conv2d(256, 512, kernel_size=(3, 3), stride=(2, 2), padding=(1, 1), bias=False)
        (bn1): BatchNorm2d(512, eps=1e-05, momentum=0.1, affine=True, track_running_stats=True)
        (relu): ReLU(inplace=True)
        (conv2): Conv2d(512, 512, kernel_size=(3, 3), stride=(1, 1), padding=(1, 1), bias=False)
        (bn2): BatchNorm2d(512, eps=1e-05, momentum=0.1, affine=True, track_running_stats=True)
        (downsample): Sequential(
          (0): Conv2d(256, 512, kernel_size=(1, 1), stride=(2, 2), bias=False)
          (1): BatchNorm2d(512, eps=1e-05, momentum=0.1, affine=True, track_running_stats=True)
        )
      )
      (1): BasicBlock(
        (conv1): Conv2d(512, 512, kernel_size=(3, 3), stride=(1, 1), padding=(1, 1), bias=False)
        (bn1): BatchNorm2d(512, eps=1e-05, momentum=0.1, affine=True, track_running_stats=True)
        (relu): ReLU(inplace=True)
        (conv2): Conv2d(512, 512, kernel_size=(3, 3), stride=(1, 1), padding=(1, 1), bias=False)
        (bn2): BatchNorm2d(512, eps=1e-05, momentum=0.1, affine=True, track_running_stats=True)
      )
    )
    (8): AdaptiveAvgPool2d(output_size=(1, 1))
  )
  (dropout): Dropout(p=0.5, inplace=False)
  (char_outputs): ModuleList(
    (0-1): 2 x Sequential(
      (0): Linear(in_features=512, out_features=256, bias=True)
      (1): ReLU()
      (2): Dropout(p=0.2, inplace=False)
      (3): Linear(in_features=256, out_features=43, bias=True)
    )
  )
)
2024-10-27 05:52:02,680 [INFO] Total parameters: 11461270
2024-10-27 05:52:02,778 [INFO] Loading checkpoint from captcha_model2_best.pth
2024-10-27 05:52:02,915 [INFO] 
Epoch 18/30
2024-10-27 05:52:02,917 [INFO] Current learning rate: 0.001000
2024-10-27 05:58:48,106 [INFO] 
Epoch 19/30
2024-10-27 05:58:48,107 [INFO] Current learning rate: 0.000905
2024-10-27 06:04:30,126 [INFO] 
Epoch 20/30
2024-10-27 06:04:30,127 [INFO] Current learning rate: 0.000655
2024-10-27 06:10:16,805 [INFO] 
Epoch 21/30
2024-10-27 06:10:16,806 [INFO] Current learning rate: 0.000346
2024-10-27 06:16:00,460 [INFO] 
Epoch 22/30
2024-10-27 06:16:00,460 [INFO] Current learning rate: 0.000096
2024-10-27 06:21:58,912 [INFO] 
Epoch 23/30
2024-10-27 06:21:58,913 [INFO] Current learning rate: 0.001000
2024-10-27 06:28:05,316 [INFO] 
Epoch 24/30
2024-10-27 06:28:05,316 [INFO] Current learning rate: 0.000976
2024-10-27 06:34:10,382 [INFO] 
Epoch 25/30
2024-10-27 06:34:10,383 [INFO] Current learning rate: 0.000905
2024-10-27 06:40:16,382 [INFO] 
Epoch 26/30
2024-10-27 06:40:16,382 [INFO] Current learning rate: 0.000794
2024-10-27 06:46:22,208 [INFO] 
Epoch 27/30
2024-10-27 06:46:22,208 [INFO] Current learning rate: 0.000655
2024-10-27 06:52:25,557 [INFO] 
Epoch 28/30
2024-10-27 06:52:25,557 [INFO] Current learning rate: 0.000501
2024-10-27 06:58:30,956 [INFO] 
Epoch 29/30
2024-10-27 06:58:30,956 [INFO] Current learning rate: 0.000346
2024-10-27 07:07:53,092 [INFO] 
Epoch 30/30
2024-10-27 07:07:53,092 [INFO] Current learning rate: 0.000207
